Build started 21/11/2014 01:40:40.
     1>Project "C:\Users\cmdadmin\Documents\Visual Studio 2012\Projects\Week 1\Graphics For Games\ConsoleApplication1\ConsoleApplication1.vcxproj" on node 2 (Build target(s)).
     1>ClCompile:
         C:\Program Files (x86)\Microsoft Visual Studio 11.0\VC\bin\CL.exe /c /ZI /nologo /W3 /WX- /Od /Oy- /D WIN32 /D _DEBUG /D _CONSOLE /D _UNICODE /D UNICODE /Gm /EHsc /RTC1 /MDd /GS /fp:precise /Zc:wchar_t /Zc:forScope /Fo"Debug\\" /Fd"Debug\vc110.pdb" /Gd /TP /analyze- /errorReport:prompt Renderer.cpp
         Renderer.cpp
     1>c:\users\cmdadmin\documents\visual studio 2012\projects\week 1\graphics for games\consoleapplication1\renderer.cpp(47): warning C4244: 'argument' : conversion from 'float' to 'int', possible loss of data
     1>c:\users\cmdadmin\documents\visual studio 2012\projects\week 1\graphics for games\consoleapplication1\renderer.cpp(55): warning C4244: 'argument' : conversion from 'float' to 'int', possible loss of data
     1>c:\users\cmdadmin\documents\visual studio 2012\projects\week 1\graphics for games\consoleapplication1\renderer.cpp(448): warning C4244: 'argument' : conversion from 'int' to 'const float', possible loss of data
     1>c:\users\cmdadmin\documents\visual studio 2012\projects\week 1\graphics for games\consoleapplication1\renderer.cpp(449): warning C4244: 'argument' : conversion from 'int' to 'const float', possible loss of data
     1>c:\users\cmdadmin\documents\visual studio 2012\projects\week 1\graphics for games\consoleapplication1\renderer.cpp(450): warning C4244: 'argument' : conversion from 'int' to 'const float', possible loss of data
     1>c:\users\cmdadmin\documents\visual studio 2012\projects\week 1\graphics for games\consoleapplication1\renderer.cpp(451): warning C4244: 'argument' : conversion from 'int' to 'const float', possible loss of data
     1>c:\users\cmdadmin\documents\visual studio 2012\projects\week 1\graphics for games\consoleapplication1\renderer.cpp(452): warning C4244: 'argument' : conversion from 'int' to 'const float', possible loss of data
     1>c:\users\cmdadmin\documents\visual studio 2012\projects\week 1\graphics for games\consoleapplication1\renderer.cpp(453): warning C4244: 'argument' : conversion from 'int' to 'const float', possible loss of data
     1>c:\users\cmdadmin\documents\visual studio 2012\projects\week 1\graphics for games\consoleapplication1\renderer.cpp(454): warning C4244: 'argument' : conversion from 'int' to 'const float', possible loss of data
       Link:
         C:\Program Files (x86)\Microsoft Visual Studio 11.0\VC\bin\link.exe /ERRORREPORT:PROMPT /OUT:"C:\Users\cmdadmin\Documents\Visual Studio 2012\Projects\Week 1\Graphics For Games\Debug\Coursework.exe" /INCREMENTAL /NOLOGO kernel32.lib user32.lib gdi32.lib winspool.lib comdlg32.lib advapi32.lib shell32.lib ole32.lib oleaut32.lib uuid.lib odbc32.lib odbccp32.lib /MANIFEST /MANIFESTUAC:"level='asInvoker' uiAccess='false'" /manifest:embed /DEBUG /PDB:"C:\Users\cmdadmin\Documents\Visual Studio 2012\Projects\Week 1\Graphics For Games\Debug\Coursework.pdb" /SUBSYSTEM:CONSOLE /TLBID:1 /DYNAMICBASE /NXCOMPAT /IMPLIB:"C:\Users\cmdadmin\Documents\Visual Studio 2012\Projects\Week 1\Graphics For Games\Debug\Coursework.lib" /MACHINE:X86 Debug\coursework.obj
         Debug\Plant.obj
         Debug\Renderer.obj
         Debug\TimeManager.obj
         Debug\Weather.obj
     1>SOIL.lib(image_DXT.obj) : warning LNK4099: PDB 'vc100.pdb' was not found with 'SOIL.lib(image_DXT.obj)' or at 'C:\Users\cmdadmin\Documents\Visual Studio 2012\Projects\Week 1\Graphics For Games\Debug\vc100.pdb'; linking object as if no debug info
     1>SOIL.lib(image_helper.obj) : warning LNK4099: PDB 'vc100.pdb' was not found with 'SOIL.lib(image_helper.obj)' or at 'C:\Users\cmdadmin\Documents\Visual Studio 2012\Projects\Week 1\Graphics For Games\Debug\vc100.pdb'; linking object as if no debug info
     1>SOIL.lib(SOIL.obj) : warning LNK4099: PDB 'vc100.pdb' was not found with 'SOIL.lib(SOIL.obj)' or at 'C:\Users\cmdadmin\Documents\Visual Studio 2012\Projects\Week 1\Graphics For Games\Debug\vc100.pdb'; linking object as if no debug info
     1>SOIL.lib(stb_image_aug.obj) : warning LNK4099: PDB 'vc100.pdb' was not found with 'SOIL.lib(stb_image_aug.obj)' or at 'C:\Users\cmdadmin\Documents\Visual Studio 2012\Projects\Week 1\Graphics For Games\Debug\vc100.pdb'; linking object as if no debug info
         ConsoleApplication1.vcxproj -> C:\Users\cmdadmin\Documents\Visual Studio 2012\Projects\Week 1\Graphics For Games\Debug\Coursework.exe
     1>Done Building Project "C:\Users\cmdadmin\Documents\Visual Studio 2012\Projects\Week 1\Graphics For Games\ConsoleApplication1\ConsoleApplication1.vcxproj" (Build target(s)).

Build succeeded.

Time Elapsed 00:00:01.32
