Build started 21/11/2014 04:51:52.
     1>Project "C:\Users\cmdadmin\Documents\Visual Studio 2012\Projects\Week 1\Graphics For Games\ConsoleApplication1\ConsoleApplication1.vcxproj" on node 2 (Build target(s)).
     1>ClCompile:
         C:\Program Files (x86)\Microsoft Visual Studio 11.0\VC\bin\CL.exe /c /Zi /nologo /W3 /WX- /O2 /Oi /Oy- /GL /D WIN32 /D NDEBUG /D _CONSOLE /D _UNICODE /D UNICODE /Gm- /EHsc /MD /GS /Gy /fp:precise /Zc:wchar_t /Zc:forScope /Fo"Release\\" /Fd"Release\vc110.pdb" /Gd /TP /analyze- /errorReport:prompt coursework.cpp Plant.cpp Renderer.cpp TimeManager.cpp Weather.cpp
         coursework.cpp
         Plant.cpp
     1>Plant.cpp(36): warning C4018: '<' : signed/unsigned mismatch
     1>Plant.cpp(43): warning C4244: 'argument' : conversion from 'unsigned int' to 'float', possible loss of data
     1>Plant.cpp(66): warning C4244: 'argument' : conversion from 'int' to 'float', possible loss of data
     1>Plant.cpp(126): warning C4305: 'argument' : truncation from 'double' to 'const float'
         Renderer.cpp
     1>Renderer.cpp(47): warning C4244: 'argument' : conversion from 'float' to 'int', possible loss of data
     1>Renderer.cpp(55): warning C4244: 'argument' : conversion from 'float' to 'int', possible loss of data
     1>Renderer.cpp(451): warning C4244: 'argument' : conversion from 'int' to 'const float', possible loss of data
     1>Renderer.cpp(452): warning C4244: 'argument' : conversion from 'int' to 'const float', possible loss of data
     1>Renderer.cpp(453): warning C4244: 'argument' : conversion from 'int' to 'const float', possible loss of data
     1>Renderer.cpp(454): warning C4244: 'argument' : conversion from 'int' to 'const float', possible loss of data
     1>Renderer.cpp(455): warning C4244: 'argument' : conversion from 'int' to 'const float', possible loss of data
     1>Renderer.cpp(456): warning C4244: 'argument' : conversion from 'int' to 'const float', possible loss of data
     1>Renderer.cpp(457): warning C4244: 'argument' : conversion from 'int' to 'const float', possible loss of data
         TimeManager.cpp
         Weather.cpp
     1>Weather.cpp(61): warning C4244: '=' : conversion from 'int' to 'float', possible loss of data
     1>Weather.cpp(63): warning C4244: '=' : conversion from 'int' to 'float', possible loss of data
       Link:
         C:\Program Files (x86)\Microsoft Visual Studio 11.0\VC\bin\link.exe /ERRORREPORT:PROMPT /OUT:"C:\Users\cmdadmin\Documents\Visual Studio 2012\Projects\Week 1\Graphics For Games\Release\Coursework.exe" /INCREMENTAL:NO /NOLOGO kernel32.lib user32.lib gdi32.lib winspool.lib comdlg32.lib advapi32.lib shell32.lib ole32.lib oleaut32.lib uuid.lib odbc32.lib odbccp32.lib /MANIFEST /MANIFESTUAC:"level='asInvoker' uiAccess='false'" /manifest:embed /DEBUG /PDB:"C:\Users\cmdadmin\Documents\Visual Studio 2012\Projects\Week 1\Graphics For Games\Release\Coursework.pdb" /SUBSYSTEM:CONSOLE /OPT:REF /OPT:ICF /LTCG /TLBID:1 /DYNAMICBASE /NXCOMPAT /IMPLIB:"C:\Users\cmdadmin\Documents\Visual Studio 2012\Projects\Week 1\Graphics For Games\Release\Coursework.lib" /MACHINE:X86 /SAFESEH Release\coursework.obj
         Release\Plant.obj
         Release\Renderer.obj
         Release\TimeManager.obj
         Release\Weather.obj
         Generating code
         Finished generating code
     1>SOIL.lib(SOIL.obj) : warning LNK4099: PDB 'vc120.pdb' was not found with 'SOIL.lib(SOIL.obj)' or at 'C:\Users\cmdadmin\Documents\Visual Studio 2012\Projects\Week 1\Graphics For Games\Release\vc120.pdb'; linking object as if no debug info
     1>SOIL.lib(stb_image_aug.obj) : warning LNK4099: PDB 'vc120.pdb' was not found with 'SOIL.lib(stb_image_aug.obj)' or at 'C:\Users\cmdadmin\Documents\Visual Studio 2012\Projects\Week 1\Graphics For Games\Release\vc120.pdb'; linking object as if no debug info
     1>SOIL.lib(image_helper.obj) : warning LNK4099: PDB 'vc120.pdb' was not found with 'SOIL.lib(image_helper.obj)' or at 'C:\Users\cmdadmin\Documents\Visual Studio 2012\Projects\Week 1\Graphics For Games\Release\vc120.pdb'; linking object as if no debug info
     1>SOIL.lib(image_DXT.obj) : warning LNK4099: PDB 'vc120.pdb' was not found with 'SOIL.lib(image_DXT.obj)' or at 'C:\Users\cmdadmin\Documents\Visual Studio 2012\Projects\Week 1\Graphics For Games\Release\vc120.pdb'; linking object as if no debug info
         ConsoleApplication1.vcxproj -> C:\Users\cmdadmin\Documents\Visual Studio 2012\Projects\Week 1\Graphics For Games\Release\Coursework.exe
     1>Done Building Project "C:\Users\cmdadmin\Documents\Visual Studio 2012\Projects\Week 1\Graphics For Games\ConsoleApplication1\ConsoleApplication1.vcxproj" (Build target(s)).

Build succeeded.

Time Elapsed 00:00:03.33
