C:\USERS\CMDADMIN\DOCUMENTS\VISUAL STUDIO 2012\PROJECTS\WEEK 1\GRAPHICS FOR GAMES\CONSOLEAPPLICATION1\RELEASE\WEATHER.OBJ
C:\USERS\CMDADMIN\DOCUMENTS\VISUAL STUDIO 2012\PROJECTS\WEEK 1\GRAPHICS FOR GAMES\CONSOLEAPPLICATION1\RELEASE\TIMEMANAGER.OBJ
C:\USERS\CMDADMIN\DOCUMENTS\VISUAL STUDIO 2012\PROJECTS\WEEK 1\GRAPHICS FOR GAMES\CONSOLEAPPLICATION1\RELEASE\RENDERER.OBJ
C:\USERS\CMDADMIN\DOCUMENTS\VISUAL STUDIO 2012\PROJECTS\WEEK 1\GRAPHICS FOR GAMES\CONSOLEAPPLICATION1\RELEASE\PLANT.OBJ
C:\USERS\CMDADMIN\DOCUMENTS\VISUAL STUDIO 2012\PROJECTS\WEEK 1\GRAPHICS FOR GAMES\CONSOLEAPPLICATION1\RELEASE\COURSEWORK.OBJ
C:\USERS\CMDADMIN\DOCUMENTS\VISUAL STUDIO 2012\PROJECTS\WEEK 1\GRAPHICS FOR GAMES\CONSOLEAPPLICATION1\RELEASE\VC110.PDB
C:\USERS\CMDADMIN\DOCUMENTS\VISUAL STUDIO 2012\PROJECTS\WEEK 1\GRAPHICS FOR GAMES\RELEASE\COURSEWORK.EXE
C:\USERS\CMDADMIN\DOCUMENTS\VISUAL STUDIO 2012\PROJECTS\WEEK 1\GRAPHICS FOR GAMES\RELEASE\COURSEWORK.PDB
C:\Users\cmdadmin\Documents\Visual Studio 2012\Projects\Week 1\Graphics For Games\ConsoleApplication1\Release\coursework.obj
C:\Users\cmdadmin\Documents\Visual Studio 2012\Projects\Week 1\Graphics For Games\ConsoleApplication1\Release\Plant.obj
C:\Users\cmdadmin\Documents\Visual Studio 2012\Projects\Week 1\Graphics For Games\ConsoleApplication1\Release\Renderer.obj
C:\Users\cmdadmin\Documents\Visual Studio 2012\Projects\Week 1\Graphics For Games\ConsoleApplication1\Release\TimeManager.obj
C:\Users\cmdadmin\Documents\Visual Studio 2012\Projects\Week 1\Graphics For Games\ConsoleApplication1\Release\Weather.obj
C:\Users\cmdadmin\Documents\Visual Studio 2012\Projects\Week 1\Graphics For Games\ConsoleApplication1\Release\cl.command.1.tlog
C:\Users\cmdadmin\Documents\Visual Studio 2012\Projects\Week 1\Graphics For Games\ConsoleApplication1\Release\CL.read.1.tlog
C:\Users\cmdadmin\Documents\Visual Studio 2012\Projects\Week 1\Graphics For Games\ConsoleApplication1\Release\CL.write.1.tlog
C:\Users\cmdadmin\Documents\Visual Studio 2012\Projects\Week 1\Graphics For Games\ConsoleApplication1\Release\link-cvtres.read.1.tlog
C:\Users\cmdadmin\Documents\Visual Studio 2012\Projects\Week 1\Graphics For Games\ConsoleApplication1\Release\link-cvtres.write.1.tlog
C:\Users\cmdadmin\Documents\Visual Studio 2012\Projects\Week 1\Graphics For Games\ConsoleApplication1\Release\link-rc.read.1.tlog
C:\Users\cmdadmin\Documents\Visual Studio 2012\Projects\Week 1\Graphics For Games\ConsoleApplication1\Release\link-rc.write.1.tlog
C:\Users\cmdadmin\Documents\Visual Studio 2012\Projects\Week 1\Graphics For Games\ConsoleApplication1\Release\link.command.1.tlog
C:\Users\cmdadmin\Documents\Visual Studio 2012\Projects\Week 1\Graphics For Games\ConsoleApplication1\Release\link.read.1.tlog
C:\Users\cmdadmin\Documents\Visual Studio 2012\Projects\Week 1\Graphics For Games\ConsoleApplication1\Release\link.write.1.tlog
C:\Users\cmdadmin\Documents\Visual Studio 2012\Projects\Week 1\Graphics For Games\ConsoleApplication1\Release\vc110.pdb
C:\Users\cmdadmin\Documents\Visual Studio 2012\Projects\Week 1\Graphics For Games\Release\Coursework.pdb
C:\Users\cmdadmin\Documents\Visual Studio 2012\Projects\Week 1\Graphics For Games\Release\Coursework.exe
