C:\USERS\CMDADMIN\DOCUMENTS\VISUAL STUDIO 2012\PROJECTS\WEEK 1\GRAPHICS FOR GAMES\1) YOUR FIRST TRIANGLE\DEBUG\RENDERER.OBJ
C:\USERS\CMDADMIN\DOCUMENTS\VISUAL STUDIO 2012\PROJECTS\WEEK 1\GRAPHICS FOR GAMES\1) YOUR FIRST TRIANGLE\DEBUG\TUTORIAL1.OBJ
C:\USERS\CMDADMIN\DOCUMENTS\VISUAL STUDIO 2012\PROJECTS\WEEK 1\GRAPHICS FOR GAMES\1) YOUR FIRST TRIANGLE\DEBUG\VC110.PDB
C:\USERS\CMDADMIN\DOCUMENTS\VISUAL STUDIO 2012\PROJECTS\WEEK 1\GRAPHICS FOR GAMES\DEBUG\TUTORIAL1 - YOUR FIRST TRIANGLE.ILK
C:\USERS\CMDADMIN\DOCUMENTS\VISUAL STUDIO 2012\PROJECTS\WEEK 1\GRAPHICS FOR GAMES\DEBUG\TUTORIAL1 - YOUR FIRST TRIANGLE.EXE
C:\USERS\CMDADMIN\DOCUMENTS\VISUAL STUDIO 2012\PROJECTS\WEEK 1\GRAPHICS FOR GAMES\DEBUG\TUTORIAL1 - YOUR FIRST TRIANGLE.PDB
C:\Users\cmdadmin\Documents\Visual Studio 2012\Projects\Week 1\Graphics For Games\1) Your First Triangle\Debug\Renderer.obj
C:\Users\cmdadmin\Documents\Visual Studio 2012\Projects\Week 1\Graphics For Games\1) Your First Triangle\Debug\tutorial1.obj
C:\Users\cmdadmin\Documents\Visual Studio 2012\Projects\Week 1\Graphics For Games\1) Your First Triangle\Debug\cl.command.1.tlog
C:\Users\cmdadmin\Documents\Visual Studio 2012\Projects\Week 1\Graphics For Games\1) Your First Triangle\Debug\CL.read.1.tlog
C:\Users\cmdadmin\Documents\Visual Studio 2012\Projects\Week 1\Graphics For Games\1) Your First Triangle\Debug\CL.write.1.tlog
C:\Users\cmdadmin\Documents\Visual Studio 2012\Projects\Week 1\Graphics For Games\1) Your First Triangle\Debug\link-cvtres.read.1.tlog
C:\Users\cmdadmin\Documents\Visual Studio 2012\Projects\Week 1\Graphics For Games\1) Your First Triangle\Debug\link-cvtres.write.1.tlog
C:\Users\cmdadmin\Documents\Visual Studio 2012\Projects\Week 1\Graphics For Games\1) Your First Triangle\Debug\link-rc.read.1.tlog
C:\Users\cmdadmin\Documents\Visual Studio 2012\Projects\Week 1\Graphics For Games\1) Your First Triangle\Debug\link-rc.write.1.tlog
C:\Users\cmdadmin\Documents\Visual Studio 2012\Projects\Week 1\Graphics For Games\1) Your First Triangle\Debug\link.1056-cvtres.read.1.tlog
C:\Users\cmdadmin\Documents\Visual Studio 2012\Projects\Week 1\Graphics For Games\1) Your First Triangle\Debug\link.1056-cvtres.write.1.tlog
C:\Users\cmdadmin\Documents\Visual Studio 2012\Projects\Week 1\Graphics For Games\1) Your First Triangle\Debug\link.1056-rc.read.1.tlog
C:\Users\cmdadmin\Documents\Visual Studio 2012\Projects\Week 1\Graphics For Games\1) Your First Triangle\Debug\link.1056-rc.write.1.tlog
C:\Users\cmdadmin\Documents\Visual Studio 2012\Projects\Week 1\Graphics For Games\1) Your First Triangle\Debug\link.1056.read.1.tlog
C:\Users\cmdadmin\Documents\Visual Studio 2012\Projects\Week 1\Graphics For Games\1) Your First Triangle\Debug\link.1056.write.1.tlog
C:\Users\cmdadmin\Documents\Visual Studio 2012\Projects\Week 1\Graphics For Games\1) Your First Triangle\Debug\link.1188-cvtres.read.1.tlog
C:\Users\cmdadmin\Documents\Visual Studio 2012\Projects\Week 1\Graphics For Games\1) Your First Triangle\Debug\link.1188-cvtres.write.1.tlog
C:\Users\cmdadmin\Documents\Visual Studio 2012\Projects\Week 1\Graphics For Games\1) Your First Triangle\Debug\link.1188-rc.read.1.tlog
C:\Users\cmdadmin\Documents\Visual Studio 2012\Projects\Week 1\Graphics For Games\1) Your First Triangle\Debug\link.1188-rc.write.1.tlog
C:\Users\cmdadmin\Documents\Visual Studio 2012\Projects\Week 1\Graphics For Games\1) Your First Triangle\Debug\link.1188.read.1.tlog
C:\Users\cmdadmin\Documents\Visual Studio 2012\Projects\Week 1\Graphics For Games\1) Your First Triangle\Debug\link.1188.write.1.tlog
C:\Users\cmdadmin\Documents\Visual Studio 2012\Projects\Week 1\Graphics For Games\1) Your First Triangle\Debug\link.2532-cvtres.read.1.tlog
C:\Users\cmdadmin\Documents\Visual Studio 2012\Projects\Week 1\Graphics For Games\1) Your First Triangle\Debug\link.2532-cvtres.write.1.tlog
C:\Users\cmdadmin\Documents\Visual Studio 2012\Projects\Week 1\Graphics For Games\1) Your First Triangle\Debug\link.2532-rc.read.1.tlog
C:\Users\cmdadmin\Documents\Visual Studio 2012\Projects\Week 1\Graphics For Games\1) Your First Triangle\Debug\link.2532-rc.write.1.tlog
C:\Users\cmdadmin\Documents\Visual Studio 2012\Projects\Week 1\Graphics For Games\1) Your First Triangle\Debug\link.2532.read.1.tlog
C:\Users\cmdadmin\Documents\Visual Studio 2012\Projects\Week 1\Graphics For Games\1) Your First Triangle\Debug\link.2532.write.1.tlog
C:\Users\cmdadmin\Documents\Visual Studio 2012\Projects\Week 1\Graphics For Games\1) Your First Triangle\Debug\link.2692-cvtres.read.1.tlog
C:\Users\cmdadmin\Documents\Visual Studio 2012\Projects\Week 1\Graphics For Games\1) Your First Triangle\Debug\link.2692-cvtres.write.1.tlog
C:\Users\cmdadmin\Documents\Visual Studio 2012\Projects\Week 1\Graphics For Games\1) Your First Triangle\Debug\link.2692-rc.read.1.tlog
C:\Users\cmdadmin\Documents\Visual Studio 2012\Projects\Week 1\Graphics For Games\1) Your First Triangle\Debug\link.2692-rc.write.1.tlog
C:\Users\cmdadmin\Documents\Visual Studio 2012\Projects\Week 1\Graphics For Games\1) Your First Triangle\Debug\link.2692.read.1.tlog
C:\Users\cmdadmin\Documents\Visual Studio 2012\Projects\Week 1\Graphics For Games\1) Your First Triangle\Debug\link.2692.write.1.tlog
C:\Users\cmdadmin\Documents\Visual Studio 2012\Projects\Week 1\Graphics For Games\1) Your First Triangle\Debug\link.2812-cvtres.read.1.tlog
C:\Users\cmdadmin\Documents\Visual Studio 2012\Projects\Week 1\Graphics For Games\1) Your First Triangle\Debug\link.2812-cvtres.write.1.tlog
C:\Users\cmdadmin\Documents\Visual Studio 2012\Projects\Week 1\Graphics For Games\1) Your First Triangle\Debug\link.2812-rc.read.1.tlog
C:\Users\cmdadmin\Documents\Visual Studio 2012\Projects\Week 1\Graphics For Games\1) Your First Triangle\Debug\link.2812-rc.write.1.tlog
C:\Users\cmdadmin\Documents\Visual Studio 2012\Projects\Week 1\Graphics For Games\1) Your First Triangle\Debug\link.2812.read.1.tlog
C:\Users\cmdadmin\Documents\Visual Studio 2012\Projects\Week 1\Graphics For Games\1) Your First Triangle\Debug\link.2812.write.1.tlog
C:\Users\cmdadmin\Documents\Visual Studio 2012\Projects\Week 1\Graphics For Games\1) Your First Triangle\Debug\link.2908-cvtres.read.1.tlog
C:\Users\cmdadmin\Documents\Visual Studio 2012\Projects\Week 1\Graphics For Games\1) Your First Triangle\Debug\link.2908-cvtres.write.1.tlog
C:\Users\cmdadmin\Documents\Visual Studio 2012\Projects\Week 1\Graphics For Games\1) Your First Triangle\Debug\link.2908-rc.read.1.tlog
C:\Users\cmdadmin\Documents\Visual Studio 2012\Projects\Week 1\Graphics For Games\1) Your First Triangle\Debug\link.2908-rc.write.1.tlog
C:\Users\cmdadmin\Documents\Visual Studio 2012\Projects\Week 1\Graphics For Games\1) Your First Triangle\Debug\link.2908.read.1.tlog
C:\Users\cmdadmin\Documents\Visual Studio 2012\Projects\Week 1\Graphics For Games\1) Your First Triangle\Debug\link.2908.write.1.tlog
C:\Users\cmdadmin\Documents\Visual Studio 2012\Projects\Week 1\Graphics For Games\1) Your First Triangle\Debug\link.2944-cvtres.read.1.tlog
C:\Users\cmdadmin\Documents\Visual Studio 2012\Projects\Week 1\Graphics For Games\1) Your First Triangle\Debug\link.2944-cvtres.write.1.tlog
C:\Users\cmdadmin\Documents\Visual Studio 2012\Projects\Week 1\Graphics For Games\1) Your First Triangle\Debug\link.2944-rc.read.1.tlog
C:\Users\cmdadmin\Documents\Visual Studio 2012\Projects\Week 1\Graphics For Games\1) Your First Triangle\Debug\link.2944-rc.write.1.tlog
C:\Users\cmdadmin\Documents\Visual Studio 2012\Projects\Week 1\Graphics For Games\1) Your First Triangle\Debug\link.2944.read.1.tlog
C:\Users\cmdadmin\Documents\Visual Studio 2012\Projects\Week 1\Graphics For Games\1) Your First Triangle\Debug\link.2944.write.1.tlog
C:\Users\cmdadmin\Documents\Visual Studio 2012\Projects\Week 1\Graphics For Games\1) Your First Triangle\Debug\link.3164-cvtres.read.1.tlog
C:\Users\cmdadmin\Documents\Visual Studio 2012\Projects\Week 1\Graphics For Games\1) Your First Triangle\Debug\link.3164-cvtres.write.1.tlog
C:\Users\cmdadmin\Documents\Visual Studio 2012\Projects\Week 1\Graphics For Games\1) Your First Triangle\Debug\link.3164-rc.read.1.tlog
C:\Users\cmdadmin\Documents\Visual Studio 2012\Projects\Week 1\Graphics For Games\1) Your First Triangle\Debug\link.3164-rc.write.1.tlog
C:\Users\cmdadmin\Documents\Visual Studio 2012\Projects\Week 1\Graphics For Games\1) Your First Triangle\Debug\link.3164.read.1.tlog
C:\Users\cmdadmin\Documents\Visual Studio 2012\Projects\Week 1\Graphics For Games\1) Your First Triangle\Debug\link.3164.write.1.tlog
C:\Users\cmdadmin\Documents\Visual Studio 2012\Projects\Week 1\Graphics For Games\1) Your First Triangle\Debug\link.3728-cvtres.read.1.tlog
C:\Users\cmdadmin\Documents\Visual Studio 2012\Projects\Week 1\Graphics For Games\1) Your First Triangle\Debug\link.3728-cvtres.write.1.tlog
C:\Users\cmdadmin\Documents\Visual Studio 2012\Projects\Week 1\Graphics For Games\1) Your First Triangle\Debug\link.3728-rc.read.1.tlog
C:\Users\cmdadmin\Documents\Visual Studio 2012\Projects\Week 1\Graphics For Games\1) Your First Triangle\Debug\link.3728-rc.write.1.tlog
C:\Users\cmdadmin\Documents\Visual Studio 2012\Projects\Week 1\Graphics For Games\1) Your First Triangle\Debug\link.3728.read.1.tlog
C:\Users\cmdadmin\Documents\Visual Studio 2012\Projects\Week 1\Graphics For Games\1) Your First Triangle\Debug\link.3728.write.1.tlog
C:\Users\cmdadmin\Documents\Visual Studio 2012\Projects\Week 1\Graphics For Games\1) Your First Triangle\Debug\link.3736-cvtres.read.1.tlog
C:\Users\cmdadmin\Documents\Visual Studio 2012\Projects\Week 1\Graphics For Games\1) Your First Triangle\Debug\link.3736-cvtres.write.1.tlog
C:\Users\cmdadmin\Documents\Visual Studio 2012\Projects\Week 1\Graphics For Games\1) Your First Triangle\Debug\link.3736-rc.read.1.tlog
C:\Users\cmdadmin\Documents\Visual Studio 2012\Projects\Week 1\Graphics For Games\1) Your First Triangle\Debug\link.3736-rc.write.1.tlog
C:\Users\cmdadmin\Documents\Visual Studio 2012\Projects\Week 1\Graphics For Games\1) Your First Triangle\Debug\link.3736.read.1.tlog
C:\Users\cmdadmin\Documents\Visual Studio 2012\Projects\Week 1\Graphics For Games\1) Your First Triangle\Debug\link.3736.write.1.tlog
C:\Users\cmdadmin\Documents\Visual Studio 2012\Projects\Week 1\Graphics For Games\1) Your First Triangle\Debug\link.4040-cvtres.read.1.tlog
C:\Users\cmdadmin\Documents\Visual Studio 2012\Projects\Week 1\Graphics For Games\1) Your First Triangle\Debug\link.4040-cvtres.write.1.tlog
C:\Users\cmdadmin\Documents\Visual Studio 2012\Projects\Week 1\Graphics For Games\1) Your First Triangle\Debug\link.4040-rc.read.1.tlog
C:\Users\cmdadmin\Documents\Visual Studio 2012\Projects\Week 1\Graphics For Games\1) Your First Triangle\Debug\link.4040-rc.write.1.tlog
C:\Users\cmdadmin\Documents\Visual Studio 2012\Projects\Week 1\Graphics For Games\1) Your First Triangle\Debug\link.4040.read.1.tlog
C:\Users\cmdadmin\Documents\Visual Studio 2012\Projects\Week 1\Graphics For Games\1) Your First Triangle\Debug\link.4040.write.1.tlog
C:\Users\cmdadmin\Documents\Visual Studio 2012\Projects\Week 1\Graphics For Games\1) Your First Triangle\Debug\link.4320-cvtres.read.1.tlog
C:\Users\cmdadmin\Documents\Visual Studio 2012\Projects\Week 1\Graphics For Games\1) Your First Triangle\Debug\link.4320-cvtres.write.1.tlog
C:\Users\cmdadmin\Documents\Visual Studio 2012\Projects\Week 1\Graphics For Games\1) Your First Triangle\Debug\link.4320-rc.read.1.tlog
C:\Users\cmdadmin\Documents\Visual Studio 2012\Projects\Week 1\Graphics For Games\1) Your First Triangle\Debug\link.4320-rc.write.1.tlog
C:\Users\cmdadmin\Documents\Visual Studio 2012\Projects\Week 1\Graphics For Games\1) Your First Triangle\Debug\link.4320.read.1.tlog
C:\Users\cmdadmin\Documents\Visual Studio 2012\Projects\Week 1\Graphics For Games\1) Your First Triangle\Debug\link.4320.write.1.tlog
C:\Users\cmdadmin\Documents\Visual Studio 2012\Projects\Week 1\Graphics For Games\1) Your First Triangle\Debug\link.4892-cvtres.read.1.tlog
C:\Users\cmdadmin\Documents\Visual Studio 2012\Projects\Week 1\Graphics For Games\1) Your First Triangle\Debug\link.4892-cvtres.write.1.tlog
C:\Users\cmdadmin\Documents\Visual Studio 2012\Projects\Week 1\Graphics For Games\1) Your First Triangle\Debug\link.4892-rc.read.1.tlog
C:\Users\cmdadmin\Documents\Visual Studio 2012\Projects\Week 1\Graphics For Games\1) Your First Triangle\Debug\link.4892-rc.write.1.tlog
C:\Users\cmdadmin\Documents\Visual Studio 2012\Projects\Week 1\Graphics For Games\1) Your First Triangle\Debug\link.4892.read.1.tlog
C:\Users\cmdadmin\Documents\Visual Studio 2012\Projects\Week 1\Graphics For Games\1) Your First Triangle\Debug\link.4892.write.1.tlog
C:\Users\cmdadmin\Documents\Visual Studio 2012\Projects\Week 1\Graphics For Games\1) Your First Triangle\Debug\link.4916-cvtres.read.1.tlog
C:\Users\cmdadmin\Documents\Visual Studio 2012\Projects\Week 1\Graphics For Games\1) Your First Triangle\Debug\link.4916-cvtres.write.1.tlog
C:\Users\cmdadmin\Documents\Visual Studio 2012\Projects\Week 1\Graphics For Games\1) Your First Triangle\Debug\link.4916-rc.read.1.tlog
C:\Users\cmdadmin\Documents\Visual Studio 2012\Projects\Week 1\Graphics For Games\1) Your First Triangle\Debug\link.4916-rc.write.1.tlog
C:\Users\cmdadmin\Documents\Visual Studio 2012\Projects\Week 1\Graphics For Games\1) Your First Triangle\Debug\link.4916.read.1.tlog
C:\Users\cmdadmin\Documents\Visual Studio 2012\Projects\Week 1\Graphics For Games\1) Your First Triangle\Debug\link.4916.write.1.tlog
C:\Users\cmdadmin\Documents\Visual Studio 2012\Projects\Week 1\Graphics For Games\1) Your First Triangle\Debug\link.4956-cvtres.read.1.tlog
C:\Users\cmdadmin\Documents\Visual Studio 2012\Projects\Week 1\Graphics For Games\1) Your First Triangle\Debug\link.4956-cvtres.write.1.tlog
C:\Users\cmdadmin\Documents\Visual Studio 2012\Projects\Week 1\Graphics For Games\1) Your First Triangle\Debug\link.4956-rc.read.1.tlog
C:\Users\cmdadmin\Documents\Visual Studio 2012\Projects\Week 1\Graphics For Games\1) Your First Triangle\Debug\link.4956-rc.write.1.tlog
C:\Users\cmdadmin\Documents\Visual Studio 2012\Projects\Week 1\Graphics For Games\1) Your First Triangle\Debug\link.4956.read.1.tlog
C:\Users\cmdadmin\Documents\Visual Studio 2012\Projects\Week 1\Graphics For Games\1) Your First Triangle\Debug\link.4956.write.1.tlog
C:\Users\cmdadmin\Documents\Visual Studio 2012\Projects\Week 1\Graphics For Games\1) Your First Triangle\Debug\link.5244-cvtres.read.1.tlog
C:\Users\cmdadmin\Documents\Visual Studio 2012\Projects\Week 1\Graphics For Games\1) Your First Triangle\Debug\link.5244-cvtres.write.1.tlog
C:\Users\cmdadmin\Documents\Visual Studio 2012\Projects\Week 1\Graphics For Games\1) Your First Triangle\Debug\link.5244-rc.read.1.tlog
C:\Users\cmdadmin\Documents\Visual Studio 2012\Projects\Week 1\Graphics For Games\1) Your First Triangle\Debug\link.5244-rc.write.1.tlog
C:\Users\cmdadmin\Documents\Visual Studio 2012\Projects\Week 1\Graphics For Games\1) Your First Triangle\Debug\link.5244.read.1.tlog
C:\Users\cmdadmin\Documents\Visual Studio 2012\Projects\Week 1\Graphics For Games\1) Your First Triangle\Debug\link.5244.write.1.tlog
C:\Users\cmdadmin\Documents\Visual Studio 2012\Projects\Week 1\Graphics For Games\1) Your First Triangle\Debug\link.5260-cvtres.read.1.tlog
C:\Users\cmdadmin\Documents\Visual Studio 2012\Projects\Week 1\Graphics For Games\1) Your First Triangle\Debug\link.5260-cvtres.write.1.tlog
C:\Users\cmdadmin\Documents\Visual Studio 2012\Projects\Week 1\Graphics For Games\1) Your First Triangle\Debug\link.5260-rc.read.1.tlog
C:\Users\cmdadmin\Documents\Visual Studio 2012\Projects\Week 1\Graphics For Games\1) Your First Triangle\Debug\link.5260-rc.write.1.tlog
C:\Users\cmdadmin\Documents\Visual Studio 2012\Projects\Week 1\Graphics For Games\1) Your First Triangle\Debug\link.5260.read.1.tlog
C:\Users\cmdadmin\Documents\Visual Studio 2012\Projects\Week 1\Graphics For Games\1) Your First Triangle\Debug\link.5260.write.1.tlog
C:\Users\cmdadmin\Documents\Visual Studio 2012\Projects\Week 1\Graphics For Games\1) Your First Triangle\Debug\link.5348-cvtres.read.1.tlog
C:\Users\cmdadmin\Documents\Visual Studio 2012\Projects\Week 1\Graphics For Games\1) Your First Triangle\Debug\link.5348-cvtres.write.1.tlog
C:\Users\cmdadmin\Documents\Visual Studio 2012\Projects\Week 1\Graphics For Games\1) Your First Triangle\Debug\link.5348-rc.read.1.tlog
C:\Users\cmdadmin\Documents\Visual Studio 2012\Projects\Week 1\Graphics For Games\1) Your First Triangle\Debug\link.5348-rc.write.1.tlog
C:\Users\cmdadmin\Documents\Visual Studio 2012\Projects\Week 1\Graphics For Games\1) Your First Triangle\Debug\link.5348.read.1.tlog
C:\Users\cmdadmin\Documents\Visual Studio 2012\Projects\Week 1\Graphics For Games\1) Your First Triangle\Debug\link.5348.write.1.tlog
C:\Users\cmdadmin\Documents\Visual Studio 2012\Projects\Week 1\Graphics For Games\1) Your First Triangle\Debug\link.5388-cvtres.read.1.tlog
C:\Users\cmdadmin\Documents\Visual Studio 2012\Projects\Week 1\Graphics For Games\1) Your First Triangle\Debug\link.5388-cvtres.write.1.tlog
C:\Users\cmdadmin\Documents\Visual Studio 2012\Projects\Week 1\Graphics For Games\1) Your First Triangle\Debug\link.5388-rc.read.1.tlog
C:\Users\cmdadmin\Documents\Visual Studio 2012\Projects\Week 1\Graphics For Games\1) Your First Triangle\Debug\link.5388-rc.write.1.tlog
C:\Users\cmdadmin\Documents\Visual Studio 2012\Projects\Week 1\Graphics For Games\1) Your First Triangle\Debug\link.5388.read.1.tlog
C:\Users\cmdadmin\Documents\Visual Studio 2012\Projects\Week 1\Graphics For Games\1) Your First Triangle\Debug\link.5388.write.1.tlog
C:\Users\cmdadmin\Documents\Visual Studio 2012\Projects\Week 1\Graphics For Games\1) Your First Triangle\Debug\link.5616-cvtres.read.1.tlog
C:\Users\cmdadmin\Documents\Visual Studio 2012\Projects\Week 1\Graphics For Games\1) Your First Triangle\Debug\link.5616-cvtres.write.1.tlog
C:\Users\cmdadmin\Documents\Visual Studio 2012\Projects\Week 1\Graphics For Games\1) Your First Triangle\Debug\link.5616-rc.read.1.tlog
C:\Users\cmdadmin\Documents\Visual Studio 2012\Projects\Week 1\Graphics For Games\1) Your First Triangle\Debug\link.5616-rc.write.1.tlog
C:\Users\cmdadmin\Documents\Visual Studio 2012\Projects\Week 1\Graphics For Games\1) Your First Triangle\Debug\link.5616.read.1.tlog
C:\Users\cmdadmin\Documents\Visual Studio 2012\Projects\Week 1\Graphics For Games\1) Your First Triangle\Debug\link.5616.write.1.tlog
C:\Users\cmdadmin\Documents\Visual Studio 2012\Projects\Week 1\Graphics For Games\1) Your First Triangle\Debug\link.5680-cvtres.read.1.tlog
C:\Users\cmdadmin\Documents\Visual Studio 2012\Projects\Week 1\Graphics For Games\1) Your First Triangle\Debug\link.5680-cvtres.write.1.tlog
C:\Users\cmdadmin\Documents\Visual Studio 2012\Projects\Week 1\Graphics For Games\1) Your First Triangle\Debug\link.5680-rc.read.1.tlog
C:\Users\cmdadmin\Documents\Visual Studio 2012\Projects\Week 1\Graphics For Games\1) Your First Triangle\Debug\link.5680-rc.write.1.tlog
C:\Users\cmdadmin\Documents\Visual Studio 2012\Projects\Week 1\Graphics For Games\1) Your First Triangle\Debug\link.5680.read.1.tlog
C:\Users\cmdadmin\Documents\Visual Studio 2012\Projects\Week 1\Graphics For Games\1) Your First Triangle\Debug\link.5680.write.1.tlog
C:\Users\cmdadmin\Documents\Visual Studio 2012\Projects\Week 1\Graphics For Games\1) Your First Triangle\Debug\link.5720-cvtres.read.1.tlog
C:\Users\cmdadmin\Documents\Visual Studio 2012\Projects\Week 1\Graphics For Games\1) Your First Triangle\Debug\link.5720-cvtres.write.1.tlog
C:\Users\cmdadmin\Documents\Visual Studio 2012\Projects\Week 1\Graphics For Games\1) Your First Triangle\Debug\link.5720-rc.read.1.tlog
C:\Users\cmdadmin\Documents\Visual Studio 2012\Projects\Week 1\Graphics For Games\1) Your First Triangle\Debug\link.5720-rc.write.1.tlog
C:\Users\cmdadmin\Documents\Visual Studio 2012\Projects\Week 1\Graphics For Games\1) Your First Triangle\Debug\link.5720.read.1.tlog
C:\Users\cmdadmin\Documents\Visual Studio 2012\Projects\Week 1\Graphics For Games\1) Your First Triangle\Debug\link.5720.write.1.tlog
C:\Users\cmdadmin\Documents\Visual Studio 2012\Projects\Week 1\Graphics For Games\1) Your First Triangle\Debug\link.5868-cvtres.read.1.tlog
C:\Users\cmdadmin\Documents\Visual Studio 2012\Projects\Week 1\Graphics For Games\1) Your First Triangle\Debug\link.5868-cvtres.write.1.tlog
C:\Users\cmdadmin\Documents\Visual Studio 2012\Projects\Week 1\Graphics For Games\1) Your First Triangle\Debug\link.5868-rc.read.1.tlog
C:\Users\cmdadmin\Documents\Visual Studio 2012\Projects\Week 1\Graphics For Games\1) Your First Triangle\Debug\link.5868-rc.write.1.tlog
C:\Users\cmdadmin\Documents\Visual Studio 2012\Projects\Week 1\Graphics For Games\1) Your First Triangle\Debug\link.5868.read.1.tlog
C:\Users\cmdadmin\Documents\Visual Studio 2012\Projects\Week 1\Graphics For Games\1) Your First Triangle\Debug\link.5868.write.1.tlog
C:\Users\cmdadmin\Documents\Visual Studio 2012\Projects\Week 1\Graphics For Games\1) Your First Triangle\Debug\link.6012-cvtres.read.1.tlog
C:\Users\cmdadmin\Documents\Visual Studio 2012\Projects\Week 1\Graphics For Games\1) Your First Triangle\Debug\link.6012-cvtres.write.1.tlog
C:\Users\cmdadmin\Documents\Visual Studio 2012\Projects\Week 1\Graphics For Games\1) Your First Triangle\Debug\link.6012-rc.read.1.tlog
C:\Users\cmdadmin\Documents\Visual Studio 2012\Projects\Week 1\Graphics For Games\1) Your First Triangle\Debug\link.6012-rc.write.1.tlog
C:\Users\cmdadmin\Documents\Visual Studio 2012\Projects\Week 1\Graphics For Games\1) Your First Triangle\Debug\link.6012.read.1.tlog
C:\Users\cmdadmin\Documents\Visual Studio 2012\Projects\Week 1\Graphics For Games\1) Your First Triangle\Debug\link.6012.write.1.tlog
C:\Users\cmdadmin\Documents\Visual Studio 2012\Projects\Week 1\Graphics For Games\1) Your First Triangle\Debug\link.6088-cvtres.read.1.tlog
C:\Users\cmdadmin\Documents\Visual Studio 2012\Projects\Week 1\Graphics For Games\1) Your First Triangle\Debug\link.6088-cvtres.write.1.tlog
C:\Users\cmdadmin\Documents\Visual Studio 2012\Projects\Week 1\Graphics For Games\1) Your First Triangle\Debug\link.6088-rc.read.1.tlog
C:\Users\cmdadmin\Documents\Visual Studio 2012\Projects\Week 1\Graphics For Games\1) Your First Triangle\Debug\link.6088-rc.write.1.tlog
C:\Users\cmdadmin\Documents\Visual Studio 2012\Projects\Week 1\Graphics For Games\1) Your First Triangle\Debug\link.6088.read.1.tlog
C:\Users\cmdadmin\Documents\Visual Studio 2012\Projects\Week 1\Graphics For Games\1) Your First Triangle\Debug\link.6088.write.1.tlog
C:\Users\cmdadmin\Documents\Visual Studio 2012\Projects\Week 1\Graphics For Games\1) Your First Triangle\Debug\link.command.1.tlog
C:\Users\cmdadmin\Documents\Visual Studio 2012\Projects\Week 1\Graphics For Games\1) Your First Triangle\Debug\link.read.1.tlog
C:\Users\cmdadmin\Documents\Visual Studio 2012\Projects\Week 1\Graphics For Games\1) Your First Triangle\Debug\link.write.1.tlog
C:\Users\cmdadmin\Documents\Visual Studio 2012\Projects\Week 1\Graphics For Games\1) Your First Triangle\Debug\vc110.idb
C:\Users\cmdadmin\Documents\Visual Studio 2012\Projects\Week 1\Graphics For Games\1) Your First Triangle\Debug\vc110.pdb
C:\Users\cmdadmin\Documents\Visual Studio 2012\Projects\Week 1\Graphics For Games\Debug\Tutorial1 - Your First Triangle.pdb
C:\Users\cmdadmin\Documents\Visual Studio 2012\Projects\Week 1\Graphics For Games\Debug\Tutorial1 - Your First Triangle.exe
C:\Users\cmdadmin\Documents\Visual Studio 2012\Projects\Week 1\Graphics For Games\Debug\Tutorial1 - Your First Triangle.ilk
