Build started 07/11/2014 13:18:20.
     1>Project "C:\Users\cmdadmin\Documents\Visual Studio 2012\Projects\Week 1\Graphics For Games\8) Index Buffers\Tutorial8.vcxproj" on node 4 (Build target(s)).
     1>ClCompile:
         C:\Program Files (x86)\Microsoft Visual Studio 11.0\VC\bin\CL.exe /c /ZI /nologo /W3 /WX- /Od /Oy- /D _MBCS /Gm /EHsc /RTC1 /MDd /GS /fp:precise /Zc:wchar_t /Zc:forScope /Fo"Debug\\" /Fd"Debug\vc110.pdb" /Gd /TP /analyze- /errorReport:prompt Renderer.cpp tutorial8.cpp
         Renderer.cpp
         Generating Code...
         Compiling...
         tutorial8.cpp
         Generating Code...
       Link:
         C:\Program Files (x86)\Microsoft Visual Studio 11.0\VC\bin\link.exe /ERRORREPORT:PROMPT /OUT:"C:\Users\cmdadmin\Documents\Visual Studio 2012\Projects\Week 1\Graphics For Games\Debug\Tutorial8 - Index Buffers.exe" /INCREMENTAL /NOLOGO kernel32.lib user32.lib gdi32.lib winspool.lib comdlg32.lib advapi32.lib shell32.lib ole32.lib oleaut32.lib uuid.lib odbc32.lib odbccp32.lib /MANIFEST /MANIFESTUAC:"level='asInvoker' uiAccess='false'" /manifest:embed /DEBUG /PDB:"C:\Users\cmdadmin\Documents\Visual Studio 2012\Projects\Week 1\Graphics For Games\Debug\Tutorial8 - Index Buffers.pdb" /TLBID:1 /DYNAMICBASE /NXCOMPAT /IMPLIB:"C:\Users\cmdadmin\Documents\Visual Studio 2012\Projects\Week 1\Graphics For Games\Debug\Tutorial8 - Index Buffers.lib" /MACHINE:X86 Debug\Renderer.obj
         Debug\tutorial8.obj
     1>SOIL.lib(image_DXT.obj) : warning LNK4099: PDB 'vc100.pdb' was not found with 'SOIL.lib(image_DXT.obj)' or at 'C:\Users\cmdadmin\Documents\Visual Studio 2012\Projects\Week 1\Graphics For Games\Debug\vc100.pdb'; linking object as if no debug info
     1>SOIL.lib(image_helper.obj) : warning LNK4099: PDB 'vc100.pdb' was not found with 'SOIL.lib(image_helper.obj)' or at 'C:\Users\cmdadmin\Documents\Visual Studio 2012\Projects\Week 1\Graphics For Games\Debug\vc100.pdb'; linking object as if no debug info
     1>SOIL.lib(SOIL.obj) : warning LNK4099: PDB 'vc100.pdb' was not found with 'SOIL.lib(SOIL.obj)' or at 'C:\Users\cmdadmin\Documents\Visual Studio 2012\Projects\Week 1\Graphics For Games\Debug\vc100.pdb'; linking object as if no debug info
     1>SOIL.lib(stb_image_aug.obj) : warning LNK4099: PDB 'vc100.pdb' was not found with 'SOIL.lib(stb_image_aug.obj)' or at 'C:\Users\cmdadmin\Documents\Visual Studio 2012\Projects\Week 1\Graphics For Games\Debug\vc100.pdb'; linking object as if no debug info
         Tutorial8.vcxproj -> C:\Users\cmdadmin\Documents\Visual Studio 2012\Projects\Week 1\Graphics For Games\Debug\Tutorial8 - Index Buffers.exe
     1>Done Building Project "C:\Users\cmdadmin\Documents\Visual Studio 2012\Projects\Week 1\Graphics For Games\8) Index Buffers\Tutorial8.vcxproj" (Build target(s)).

Build succeeded.

Time Elapsed 00:00:02.29
