Build started 03/11/2014 14:38:09.
     1>Project "C:\Users\cmdadmin\Documents\Visual Studio 2012\Projects\Week 1\Graphics For Games\Framework\Framework.vcxproj" on node 2 (Build target(s)).
     1>ClCompile:
         C:\Program Files (x86)\Microsoft Visual Studio 10.0\VC\bin\CL.exe /c /ZI /nologo /W3 /WX- /Od /Oy- /D _DEBUG /D _MBCS /Gm /EHsc /RTC1 /MDd /GS /fp:precise /Zc:wchar_t /Zc:forScope /Fo"Debug\\" /Fd"Debug\vc100.pdb" /Gd /TP /analyze- /errorReport:prompt Camera.cpp Mesh.cpp OBJMesh.cpp OGLRenderer.cpp SceneNode.cpp Shader.cpp Window.cpp
         SceneNode.cpp
     1>c1xx : fatal error C1083: Cannot open source file: 'SceneNode.cpp': No such file or directory
         Generating Code...
         Compiling...
         Camera.cpp
         Generating Code...
         Compiling...
         Window.cpp
         Shader.cpp
         OGLRenderer.cpp
         OBJMesh.cpp
         Mesh.cpp
         Generating Code...
     1>Done Building Project "C:\Users\cmdadmin\Documents\Visual Studio 2012\Projects\Week 1\Graphics For Games\Framework\Framework.vcxproj" (Build target(s)) -- FAILED.

Build FAILED.

Time Elapsed 00:00:02.81
