C:\USERS\CMDADMIN\DOCUMENTS\VISUAL STUDIO 2012\PROJECTS\WEEK 1\GRAPHICS FOR GAMES\3) TEXTURING\DEBUG\RENDERER.OBJ
C:\USERS\CMDADMIN\DOCUMENTS\VISUAL STUDIO 2012\PROJECTS\WEEK 1\GRAPHICS FOR GAMES\3) TEXTURING\DEBUG\TUTORIAL3.OBJ
C:\USERS\CMDADMIN\DOCUMENTS\VISUAL STUDIO 2012\PROJECTS\WEEK 1\GRAPHICS FOR GAMES\3) TEXTURING\DEBUG\VC110.PDB
C:\USERS\CMDADMIN\DOCUMENTS\VISUAL STUDIO 2012\PROJECTS\WEEK 1\GRAPHICS FOR GAMES\DEBUG\TUTORIAL3 - TEXTURING.ILK
C:\USERS\CMDADMIN\DOCUMENTS\VISUAL STUDIO 2012\PROJECTS\WEEK 1\GRAPHICS FOR GAMES\DEBUG\TUTORIAL3 - TEXTURING.EXE
C:\USERS\CMDADMIN\DOCUMENTS\VISUAL STUDIO 2012\PROJECTS\WEEK 1\GRAPHICS FOR GAMES\DEBUG\TUTORIAL3 - TEXTURING.PDB
C:\Users\cmdadmin\Documents\Visual Studio 2012\Projects\Week 1\Graphics For Games\3) Texturing\Debug\Renderer.obj
C:\Users\cmdadmin\Documents\Visual Studio 2012\Projects\Week 1\Graphics For Games\3) Texturing\Debug\tutorial3.obj
C:\Users\cmdadmin\Documents\Visual Studio 2012\Projects\Week 1\Graphics For Games\3) Texturing\Debug\CL.6100.read.1.tlog
C:\Users\cmdadmin\Documents\Visual Studio 2012\Projects\Week 1\Graphics For Games\3) Texturing\Debug\CL.6100.write.1.tlog
C:\Users\cmdadmin\Documents\Visual Studio 2012\Projects\Week 1\Graphics For Games\3) Texturing\Debug\CL.6288.read.1.tlog
C:\Users\cmdadmin\Documents\Visual Studio 2012\Projects\Week 1\Graphics For Games\3) Texturing\Debug\CL.6288.write.1.tlog
C:\Users\cmdadmin\Documents\Visual Studio 2012\Projects\Week 1\Graphics For Games\3) Texturing\Debug\CL.7788.read.1.tlog
C:\Users\cmdadmin\Documents\Visual Studio 2012\Projects\Week 1\Graphics For Games\3) Texturing\Debug\CL.7788.write.1.tlog
C:\Users\cmdadmin\Documents\Visual Studio 2012\Projects\Week 1\Graphics For Games\3) Texturing\Debug\cl.command.1.tlog
C:\Users\cmdadmin\Documents\Visual Studio 2012\Projects\Week 1\Graphics For Games\3) Texturing\Debug\cl.read.1.tlog
C:\Users\cmdadmin\Documents\Visual Studio 2012\Projects\Week 1\Graphics For Games\3) Texturing\Debug\cl.write.1.tlog
C:\Users\cmdadmin\Documents\Visual Studio 2012\Projects\Week 1\Graphics For Games\3) Texturing\Debug\link-cvtres.read.1.tlog
C:\Users\cmdadmin\Documents\Visual Studio 2012\Projects\Week 1\Graphics For Games\3) Texturing\Debug\link-cvtres.write.1.tlog
C:\Users\cmdadmin\Documents\Visual Studio 2012\Projects\Week 1\Graphics For Games\3) Texturing\Debug\link-rc.read.1.tlog
C:\Users\cmdadmin\Documents\Visual Studio 2012\Projects\Week 1\Graphics For Games\3) Texturing\Debug\link-rc.write.1.tlog
C:\Users\cmdadmin\Documents\Visual Studio 2012\Projects\Week 1\Graphics For Games\3) Texturing\Debug\link.1056-cvtres.read.1.tlog
C:\Users\cmdadmin\Documents\Visual Studio 2012\Projects\Week 1\Graphics For Games\3) Texturing\Debug\link.1056-cvtres.write.1.tlog
C:\Users\cmdadmin\Documents\Visual Studio 2012\Projects\Week 1\Graphics For Games\3) Texturing\Debug\link.1056-rc.read.1.tlog
C:\Users\cmdadmin\Documents\Visual Studio 2012\Projects\Week 1\Graphics For Games\3) Texturing\Debug\link.1056-rc.write.1.tlog
C:\Users\cmdadmin\Documents\Visual Studio 2012\Projects\Week 1\Graphics For Games\3) Texturing\Debug\link.1056.read.1.tlog
C:\Users\cmdadmin\Documents\Visual Studio 2012\Projects\Week 1\Graphics For Games\3) Texturing\Debug\link.1056.read.2.tlog
C:\Users\cmdadmin\Documents\Visual Studio 2012\Projects\Week 1\Graphics For Games\3) Texturing\Debug\link.1056.write.1.tlog
C:\Users\cmdadmin\Documents\Visual Studio 2012\Projects\Week 1\Graphics For Games\3) Texturing\Debug\link.1848-cvtres.read.1.tlog
C:\Users\cmdadmin\Documents\Visual Studio 2012\Projects\Week 1\Graphics For Games\3) Texturing\Debug\link.1848-cvtres.write.1.tlog
C:\Users\cmdadmin\Documents\Visual Studio 2012\Projects\Week 1\Graphics For Games\3) Texturing\Debug\link.1848-rc.read.1.tlog
C:\Users\cmdadmin\Documents\Visual Studio 2012\Projects\Week 1\Graphics For Games\3) Texturing\Debug\link.1848-rc.write.1.tlog
C:\Users\cmdadmin\Documents\Visual Studio 2012\Projects\Week 1\Graphics For Games\3) Texturing\Debug\link.1848.read.1.tlog
C:\Users\cmdadmin\Documents\Visual Studio 2012\Projects\Week 1\Graphics For Games\3) Texturing\Debug\link.1848.read.2.tlog
C:\Users\cmdadmin\Documents\Visual Studio 2012\Projects\Week 1\Graphics For Games\3) Texturing\Debug\link.1848.write.1.tlog
C:\Users\cmdadmin\Documents\Visual Studio 2012\Projects\Week 1\Graphics For Games\3) Texturing\Debug\link.2312-cvtres.read.1.tlog
C:\Users\cmdadmin\Documents\Visual Studio 2012\Projects\Week 1\Graphics For Games\3) Texturing\Debug\link.2312-cvtres.write.1.tlog
C:\Users\cmdadmin\Documents\Visual Studio 2012\Projects\Week 1\Graphics For Games\3) Texturing\Debug\link.2312-rc.read.1.tlog
C:\Users\cmdadmin\Documents\Visual Studio 2012\Projects\Week 1\Graphics For Games\3) Texturing\Debug\link.2312-rc.write.1.tlog
C:\Users\cmdadmin\Documents\Visual Studio 2012\Projects\Week 1\Graphics For Games\3) Texturing\Debug\link.2312.read.1.tlog
C:\Users\cmdadmin\Documents\Visual Studio 2012\Projects\Week 1\Graphics For Games\3) Texturing\Debug\link.2312.read.2.tlog
C:\Users\cmdadmin\Documents\Visual Studio 2012\Projects\Week 1\Graphics For Games\3) Texturing\Debug\link.2312.write.1.tlog
C:\Users\cmdadmin\Documents\Visual Studio 2012\Projects\Week 1\Graphics For Games\3) Texturing\Debug\link.2412-cvtres.read.1.tlog
C:\Users\cmdadmin\Documents\Visual Studio 2012\Projects\Week 1\Graphics For Games\3) Texturing\Debug\link.2412-cvtres.write.1.tlog
C:\Users\cmdadmin\Documents\Visual Studio 2012\Projects\Week 1\Graphics For Games\3) Texturing\Debug\link.2412-rc.read.1.tlog
C:\Users\cmdadmin\Documents\Visual Studio 2012\Projects\Week 1\Graphics For Games\3) Texturing\Debug\link.2412-rc.write.1.tlog
C:\Users\cmdadmin\Documents\Visual Studio 2012\Projects\Week 1\Graphics For Games\3) Texturing\Debug\link.2412.read.1.tlog
C:\Users\cmdadmin\Documents\Visual Studio 2012\Projects\Week 1\Graphics For Games\3) Texturing\Debug\link.2412.read.2.tlog
C:\Users\cmdadmin\Documents\Visual Studio 2012\Projects\Week 1\Graphics For Games\3) Texturing\Debug\link.2412.write.1.tlog
C:\Users\cmdadmin\Documents\Visual Studio 2012\Projects\Week 1\Graphics For Games\3) Texturing\Debug\link.2488-cvtres.read.1.tlog
C:\Users\cmdadmin\Documents\Visual Studio 2012\Projects\Week 1\Graphics For Games\3) Texturing\Debug\link.2488-cvtres.write.1.tlog
C:\Users\cmdadmin\Documents\Visual Studio 2012\Projects\Week 1\Graphics For Games\3) Texturing\Debug\link.2488-rc.read.1.tlog
C:\Users\cmdadmin\Documents\Visual Studio 2012\Projects\Week 1\Graphics For Games\3) Texturing\Debug\link.2488-rc.write.1.tlog
C:\Users\cmdadmin\Documents\Visual Studio 2012\Projects\Week 1\Graphics For Games\3) Texturing\Debug\link.2488.read.1.tlog
C:\Users\cmdadmin\Documents\Visual Studio 2012\Projects\Week 1\Graphics For Games\3) Texturing\Debug\link.2488.read.2.tlog
C:\Users\cmdadmin\Documents\Visual Studio 2012\Projects\Week 1\Graphics For Games\3) Texturing\Debug\link.2488.write.1.tlog
C:\Users\cmdadmin\Documents\Visual Studio 2012\Projects\Week 1\Graphics For Games\3) Texturing\Debug\link.2908-cvtres.read.1.tlog
C:\Users\cmdadmin\Documents\Visual Studio 2012\Projects\Week 1\Graphics For Games\3) Texturing\Debug\link.2908-cvtres.write.1.tlog
C:\Users\cmdadmin\Documents\Visual Studio 2012\Projects\Week 1\Graphics For Games\3) Texturing\Debug\link.2908-rc.read.1.tlog
C:\Users\cmdadmin\Documents\Visual Studio 2012\Projects\Week 1\Graphics For Games\3) Texturing\Debug\link.2908-rc.write.1.tlog
C:\Users\cmdadmin\Documents\Visual Studio 2012\Projects\Week 1\Graphics For Games\3) Texturing\Debug\link.2908.read.1.tlog
C:\Users\cmdadmin\Documents\Visual Studio 2012\Projects\Week 1\Graphics For Games\3) Texturing\Debug\link.2908.read.2.tlog
C:\Users\cmdadmin\Documents\Visual Studio 2012\Projects\Week 1\Graphics For Games\3) Texturing\Debug\link.2908.write.1.tlog
C:\Users\cmdadmin\Documents\Visual Studio 2012\Projects\Week 1\Graphics For Games\3) Texturing\Debug\link.2932-cvtres.read.1.tlog
C:\Users\cmdadmin\Documents\Visual Studio 2012\Projects\Week 1\Graphics For Games\3) Texturing\Debug\link.2932-cvtres.write.1.tlog
C:\Users\cmdadmin\Documents\Visual Studio 2012\Projects\Week 1\Graphics For Games\3) Texturing\Debug\link.2932-rc.read.1.tlog
C:\Users\cmdadmin\Documents\Visual Studio 2012\Projects\Week 1\Graphics For Games\3) Texturing\Debug\link.2932-rc.write.1.tlog
C:\Users\cmdadmin\Documents\Visual Studio 2012\Projects\Week 1\Graphics For Games\3) Texturing\Debug\link.2932.read.1.tlog
C:\Users\cmdadmin\Documents\Visual Studio 2012\Projects\Week 1\Graphics For Games\3) Texturing\Debug\link.2932.read.2.tlog
C:\Users\cmdadmin\Documents\Visual Studio 2012\Projects\Week 1\Graphics For Games\3) Texturing\Debug\link.2932.write.1.tlog
C:\Users\cmdadmin\Documents\Visual Studio 2012\Projects\Week 1\Graphics For Games\3) Texturing\Debug\link.2944-cvtres.read.1.tlog
C:\Users\cmdadmin\Documents\Visual Studio 2012\Projects\Week 1\Graphics For Games\3) Texturing\Debug\link.2944-cvtres.write.1.tlog
C:\Users\cmdadmin\Documents\Visual Studio 2012\Projects\Week 1\Graphics For Games\3) Texturing\Debug\link.2944-rc.read.1.tlog
C:\Users\cmdadmin\Documents\Visual Studio 2012\Projects\Week 1\Graphics For Games\3) Texturing\Debug\link.2944-rc.write.1.tlog
C:\Users\cmdadmin\Documents\Visual Studio 2012\Projects\Week 1\Graphics For Games\3) Texturing\Debug\link.2944.read.1.tlog
C:\Users\cmdadmin\Documents\Visual Studio 2012\Projects\Week 1\Graphics For Games\3) Texturing\Debug\link.2944.read.2.tlog
C:\Users\cmdadmin\Documents\Visual Studio 2012\Projects\Week 1\Graphics For Games\3) Texturing\Debug\link.2944.write.1.tlog
C:\Users\cmdadmin\Documents\Visual Studio 2012\Projects\Week 1\Graphics For Games\3) Texturing\Debug\link.3380-cvtres.read.1.tlog
C:\Users\cmdadmin\Documents\Visual Studio 2012\Projects\Week 1\Graphics For Games\3) Texturing\Debug\link.3380-cvtres.write.1.tlog
C:\Users\cmdadmin\Documents\Visual Studio 2012\Projects\Week 1\Graphics For Games\3) Texturing\Debug\link.3380-rc.read.1.tlog
C:\Users\cmdadmin\Documents\Visual Studio 2012\Projects\Week 1\Graphics For Games\3) Texturing\Debug\link.3380-rc.write.1.tlog
C:\Users\cmdadmin\Documents\Visual Studio 2012\Projects\Week 1\Graphics For Games\3) Texturing\Debug\link.3380.read.1.tlog
C:\Users\cmdadmin\Documents\Visual Studio 2012\Projects\Week 1\Graphics For Games\3) Texturing\Debug\link.3380.read.2.tlog
C:\Users\cmdadmin\Documents\Visual Studio 2012\Projects\Week 1\Graphics For Games\3) Texturing\Debug\link.3380.write.1.tlog
C:\Users\cmdadmin\Documents\Visual Studio 2012\Projects\Week 1\Graphics For Games\3) Texturing\Debug\link.3580-cvtres.read.1.tlog
C:\Users\cmdadmin\Documents\Visual Studio 2012\Projects\Week 1\Graphics For Games\3) Texturing\Debug\link.3580-cvtres.write.1.tlog
C:\Users\cmdadmin\Documents\Visual Studio 2012\Projects\Week 1\Graphics For Games\3) Texturing\Debug\link.3580-rc.read.1.tlog
C:\Users\cmdadmin\Documents\Visual Studio 2012\Projects\Week 1\Graphics For Games\3) Texturing\Debug\link.3580-rc.write.1.tlog
C:\Users\cmdadmin\Documents\Visual Studio 2012\Projects\Week 1\Graphics For Games\3) Texturing\Debug\link.3580.read.1.tlog
C:\Users\cmdadmin\Documents\Visual Studio 2012\Projects\Week 1\Graphics For Games\3) Texturing\Debug\link.3580.read.2.tlog
C:\Users\cmdadmin\Documents\Visual Studio 2012\Projects\Week 1\Graphics For Games\3) Texturing\Debug\link.3580.write.1.tlog
C:\Users\cmdadmin\Documents\Visual Studio 2012\Projects\Week 1\Graphics For Games\3) Texturing\Debug\link.3904-cvtres.read.1.tlog
C:\Users\cmdadmin\Documents\Visual Studio 2012\Projects\Week 1\Graphics For Games\3) Texturing\Debug\link.3904-cvtres.write.1.tlog
C:\Users\cmdadmin\Documents\Visual Studio 2012\Projects\Week 1\Graphics For Games\3) Texturing\Debug\link.3904-rc.read.1.tlog
C:\Users\cmdadmin\Documents\Visual Studio 2012\Projects\Week 1\Graphics For Games\3) Texturing\Debug\link.3904-rc.write.1.tlog
C:\Users\cmdadmin\Documents\Visual Studio 2012\Projects\Week 1\Graphics For Games\3) Texturing\Debug\link.3904.read.1.tlog
C:\Users\cmdadmin\Documents\Visual Studio 2012\Projects\Week 1\Graphics For Games\3) Texturing\Debug\link.3904.read.2.tlog
C:\Users\cmdadmin\Documents\Visual Studio 2012\Projects\Week 1\Graphics For Games\3) Texturing\Debug\link.3904.write.1.tlog
C:\Users\cmdadmin\Documents\Visual Studio 2012\Projects\Week 1\Graphics For Games\3) Texturing\Debug\link.4060-cvtres.read.1.tlog
C:\Users\cmdadmin\Documents\Visual Studio 2012\Projects\Week 1\Graphics For Games\3) Texturing\Debug\link.4060-cvtres.write.1.tlog
C:\Users\cmdadmin\Documents\Visual Studio 2012\Projects\Week 1\Graphics For Games\3) Texturing\Debug\link.4060-rc.read.1.tlog
C:\Users\cmdadmin\Documents\Visual Studio 2012\Projects\Week 1\Graphics For Games\3) Texturing\Debug\link.4060-rc.write.1.tlog
C:\Users\cmdadmin\Documents\Visual Studio 2012\Projects\Week 1\Graphics For Games\3) Texturing\Debug\link.4060.read.1.tlog
C:\Users\cmdadmin\Documents\Visual Studio 2012\Projects\Week 1\Graphics For Games\3) Texturing\Debug\link.4060.read.2.tlog
C:\Users\cmdadmin\Documents\Visual Studio 2012\Projects\Week 1\Graphics For Games\3) Texturing\Debug\link.4060.write.1.tlog
C:\Users\cmdadmin\Documents\Visual Studio 2012\Projects\Week 1\Graphics For Games\3) Texturing\Debug\link.4124-cvtres.read.1.tlog
C:\Users\cmdadmin\Documents\Visual Studio 2012\Projects\Week 1\Graphics For Games\3) Texturing\Debug\link.4124-cvtres.write.1.tlog
C:\Users\cmdadmin\Documents\Visual Studio 2012\Projects\Week 1\Graphics For Games\3) Texturing\Debug\link.4124-rc.read.1.tlog
C:\Users\cmdadmin\Documents\Visual Studio 2012\Projects\Week 1\Graphics For Games\3) Texturing\Debug\link.4124-rc.write.1.tlog
C:\Users\cmdadmin\Documents\Visual Studio 2012\Projects\Week 1\Graphics For Games\3) Texturing\Debug\link.4124.read.1.tlog
C:\Users\cmdadmin\Documents\Visual Studio 2012\Projects\Week 1\Graphics For Games\3) Texturing\Debug\link.4124.read.2.tlog
C:\Users\cmdadmin\Documents\Visual Studio 2012\Projects\Week 1\Graphics For Games\3) Texturing\Debug\link.4124.write.1.tlog
C:\Users\cmdadmin\Documents\Visual Studio 2012\Projects\Week 1\Graphics For Games\3) Texturing\Debug\link.4260-cvtres.read.1.tlog
C:\Users\cmdadmin\Documents\Visual Studio 2012\Projects\Week 1\Graphics For Games\3) Texturing\Debug\link.4260-cvtres.write.1.tlog
C:\Users\cmdadmin\Documents\Visual Studio 2012\Projects\Week 1\Graphics For Games\3) Texturing\Debug\link.4260-rc.read.1.tlog
C:\Users\cmdadmin\Documents\Visual Studio 2012\Projects\Week 1\Graphics For Games\3) Texturing\Debug\link.4260-rc.write.1.tlog
C:\Users\cmdadmin\Documents\Visual Studio 2012\Projects\Week 1\Graphics For Games\3) Texturing\Debug\link.4260.read.1.tlog
C:\Users\cmdadmin\Documents\Visual Studio 2012\Projects\Week 1\Graphics For Games\3) Texturing\Debug\link.4260.read.2.tlog
C:\Users\cmdadmin\Documents\Visual Studio 2012\Projects\Week 1\Graphics For Games\3) Texturing\Debug\link.4260.write.1.tlog
C:\Users\cmdadmin\Documents\Visual Studio 2012\Projects\Week 1\Graphics For Games\3) Texturing\Debug\link.4496-cvtres.read.1.tlog
C:\Users\cmdadmin\Documents\Visual Studio 2012\Projects\Week 1\Graphics For Games\3) Texturing\Debug\link.4496-cvtres.write.1.tlog
C:\Users\cmdadmin\Documents\Visual Studio 2012\Projects\Week 1\Graphics For Games\3) Texturing\Debug\link.4496-rc.read.1.tlog
C:\Users\cmdadmin\Documents\Visual Studio 2012\Projects\Week 1\Graphics For Games\3) Texturing\Debug\link.4496-rc.write.1.tlog
C:\Users\cmdadmin\Documents\Visual Studio 2012\Projects\Week 1\Graphics For Games\3) Texturing\Debug\link.4496.read.1.tlog
C:\Users\cmdadmin\Documents\Visual Studio 2012\Projects\Week 1\Graphics For Games\3) Texturing\Debug\link.4496.read.2.tlog
C:\Users\cmdadmin\Documents\Visual Studio 2012\Projects\Week 1\Graphics For Games\3) Texturing\Debug\link.4496.write.1.tlog
C:\Users\cmdadmin\Documents\Visual Studio 2012\Projects\Week 1\Graphics For Games\3) Texturing\Debug\link.4628-cvtres.read.1.tlog
C:\Users\cmdadmin\Documents\Visual Studio 2012\Projects\Week 1\Graphics For Games\3) Texturing\Debug\link.4628-cvtres.write.1.tlog
C:\Users\cmdadmin\Documents\Visual Studio 2012\Projects\Week 1\Graphics For Games\3) Texturing\Debug\link.4628-rc.read.1.tlog
C:\Users\cmdadmin\Documents\Visual Studio 2012\Projects\Week 1\Graphics For Games\3) Texturing\Debug\link.4628-rc.write.1.tlog
C:\Users\cmdadmin\Documents\Visual Studio 2012\Projects\Week 1\Graphics For Games\3) Texturing\Debug\link.4628.read.1.tlog
C:\Users\cmdadmin\Documents\Visual Studio 2012\Projects\Week 1\Graphics For Games\3) Texturing\Debug\link.4628.read.2.tlog
C:\Users\cmdadmin\Documents\Visual Studio 2012\Projects\Week 1\Graphics For Games\3) Texturing\Debug\link.4628.write.1.tlog
C:\Users\cmdadmin\Documents\Visual Studio 2012\Projects\Week 1\Graphics For Games\3) Texturing\Debug\link.4804-cvtres.read.1.tlog
C:\Users\cmdadmin\Documents\Visual Studio 2012\Projects\Week 1\Graphics For Games\3) Texturing\Debug\link.4804-cvtres.write.1.tlog
C:\Users\cmdadmin\Documents\Visual Studio 2012\Projects\Week 1\Graphics For Games\3) Texturing\Debug\link.4804-rc.read.1.tlog
C:\Users\cmdadmin\Documents\Visual Studio 2012\Projects\Week 1\Graphics For Games\3) Texturing\Debug\link.4804-rc.write.1.tlog
C:\Users\cmdadmin\Documents\Visual Studio 2012\Projects\Week 1\Graphics For Games\3) Texturing\Debug\link.4804.read.1.tlog
C:\Users\cmdadmin\Documents\Visual Studio 2012\Projects\Week 1\Graphics For Games\3) Texturing\Debug\link.4804.read.2.tlog
C:\Users\cmdadmin\Documents\Visual Studio 2012\Projects\Week 1\Graphics For Games\3) Texturing\Debug\link.4804.write.1.tlog
C:\Users\cmdadmin\Documents\Visual Studio 2012\Projects\Week 1\Graphics For Games\3) Texturing\Debug\link.4916-cvtres.read.1.tlog
C:\Users\cmdadmin\Documents\Visual Studio 2012\Projects\Week 1\Graphics For Games\3) Texturing\Debug\link.4916-cvtres.write.1.tlog
C:\Users\cmdadmin\Documents\Visual Studio 2012\Projects\Week 1\Graphics For Games\3) Texturing\Debug\link.4916-rc.read.1.tlog
C:\Users\cmdadmin\Documents\Visual Studio 2012\Projects\Week 1\Graphics For Games\3) Texturing\Debug\link.4916-rc.write.1.tlog
C:\Users\cmdadmin\Documents\Visual Studio 2012\Projects\Week 1\Graphics For Games\3) Texturing\Debug\link.4916.read.1.tlog
C:\Users\cmdadmin\Documents\Visual Studio 2012\Projects\Week 1\Graphics For Games\3) Texturing\Debug\link.4916.read.2.tlog
C:\Users\cmdadmin\Documents\Visual Studio 2012\Projects\Week 1\Graphics For Games\3) Texturing\Debug\link.4916.write.1.tlog
C:\Users\cmdadmin\Documents\Visual Studio 2012\Projects\Week 1\Graphics For Games\3) Texturing\Debug\link.5076-cvtres.read.1.tlog
C:\Users\cmdadmin\Documents\Visual Studio 2012\Projects\Week 1\Graphics For Games\3) Texturing\Debug\link.5076-cvtres.write.1.tlog
C:\Users\cmdadmin\Documents\Visual Studio 2012\Projects\Week 1\Graphics For Games\3) Texturing\Debug\link.5076-rc.read.1.tlog
C:\Users\cmdadmin\Documents\Visual Studio 2012\Projects\Week 1\Graphics For Games\3) Texturing\Debug\link.5076-rc.write.1.tlog
C:\Users\cmdadmin\Documents\Visual Studio 2012\Projects\Week 1\Graphics For Games\3) Texturing\Debug\link.5076.read.1.tlog
C:\Users\cmdadmin\Documents\Visual Studio 2012\Projects\Week 1\Graphics For Games\3) Texturing\Debug\link.5076.read.2.tlog
C:\Users\cmdadmin\Documents\Visual Studio 2012\Projects\Week 1\Graphics For Games\3) Texturing\Debug\link.5076.write.1.tlog
C:\Users\cmdadmin\Documents\Visual Studio 2012\Projects\Week 1\Graphics For Games\3) Texturing\Debug\link.5200-cvtres.read.1.tlog
C:\Users\cmdadmin\Documents\Visual Studio 2012\Projects\Week 1\Graphics For Games\3) Texturing\Debug\link.5200-cvtres.write.1.tlog
C:\Users\cmdadmin\Documents\Visual Studio 2012\Projects\Week 1\Graphics For Games\3) Texturing\Debug\link.5200-rc.read.1.tlog
C:\Users\cmdadmin\Documents\Visual Studio 2012\Projects\Week 1\Graphics For Games\3) Texturing\Debug\link.5200-rc.write.1.tlog
C:\Users\cmdadmin\Documents\Visual Studio 2012\Projects\Week 1\Graphics For Games\3) Texturing\Debug\link.5200.read.1.tlog
C:\Users\cmdadmin\Documents\Visual Studio 2012\Projects\Week 1\Graphics For Games\3) Texturing\Debug\link.5200.read.2.tlog
C:\Users\cmdadmin\Documents\Visual Studio 2012\Projects\Week 1\Graphics For Games\3) Texturing\Debug\link.5200.write.1.tlog
C:\Users\cmdadmin\Documents\Visual Studio 2012\Projects\Week 1\Graphics For Games\3) Texturing\Debug\link.5252-cvtres.read.1.tlog
C:\Users\cmdadmin\Documents\Visual Studio 2012\Projects\Week 1\Graphics For Games\3) Texturing\Debug\link.5252-cvtres.write.1.tlog
C:\Users\cmdadmin\Documents\Visual Studio 2012\Projects\Week 1\Graphics For Games\3) Texturing\Debug\link.5252-rc.read.1.tlog
C:\Users\cmdadmin\Documents\Visual Studio 2012\Projects\Week 1\Graphics For Games\3) Texturing\Debug\link.5252-rc.write.1.tlog
C:\Users\cmdadmin\Documents\Visual Studio 2012\Projects\Week 1\Graphics For Games\3) Texturing\Debug\link.5252.read.1.tlog
C:\Users\cmdadmin\Documents\Visual Studio 2012\Projects\Week 1\Graphics For Games\3) Texturing\Debug\link.5252.read.2.tlog
C:\Users\cmdadmin\Documents\Visual Studio 2012\Projects\Week 1\Graphics For Games\3) Texturing\Debug\link.5252.write.1.tlog
C:\Users\cmdadmin\Documents\Visual Studio 2012\Projects\Week 1\Graphics For Games\3) Texturing\Debug\link.5268-cvtres.read.1.tlog
C:\Users\cmdadmin\Documents\Visual Studio 2012\Projects\Week 1\Graphics For Games\3) Texturing\Debug\link.5268-cvtres.write.1.tlog
C:\Users\cmdadmin\Documents\Visual Studio 2012\Projects\Week 1\Graphics For Games\3) Texturing\Debug\link.5268-rc.read.1.tlog
C:\Users\cmdadmin\Documents\Visual Studio 2012\Projects\Week 1\Graphics For Games\3) Texturing\Debug\link.5268-rc.write.1.tlog
C:\Users\cmdadmin\Documents\Visual Studio 2012\Projects\Week 1\Graphics For Games\3) Texturing\Debug\link.5268.read.1.tlog
C:\Users\cmdadmin\Documents\Visual Studio 2012\Projects\Week 1\Graphics For Games\3) Texturing\Debug\link.5268.read.2.tlog
C:\Users\cmdadmin\Documents\Visual Studio 2012\Projects\Week 1\Graphics For Games\3) Texturing\Debug\link.5268.write.1.tlog
C:\Users\cmdadmin\Documents\Visual Studio 2012\Projects\Week 1\Graphics For Games\3) Texturing\Debug\link.5372-cvtres.read.1.tlog
C:\Users\cmdadmin\Documents\Visual Studio 2012\Projects\Week 1\Graphics For Games\3) Texturing\Debug\link.5372-cvtres.write.1.tlog
C:\Users\cmdadmin\Documents\Visual Studio 2012\Projects\Week 1\Graphics For Games\3) Texturing\Debug\link.5372-rc.read.1.tlog
C:\Users\cmdadmin\Documents\Visual Studio 2012\Projects\Week 1\Graphics For Games\3) Texturing\Debug\link.5372-rc.write.1.tlog
C:\Users\cmdadmin\Documents\Visual Studio 2012\Projects\Week 1\Graphics For Games\3) Texturing\Debug\link.5372.read.1.tlog
C:\Users\cmdadmin\Documents\Visual Studio 2012\Projects\Week 1\Graphics For Games\3) Texturing\Debug\link.5372.read.2.tlog
C:\Users\cmdadmin\Documents\Visual Studio 2012\Projects\Week 1\Graphics For Games\3) Texturing\Debug\link.5372.write.1.tlog
C:\Users\cmdadmin\Documents\Visual Studio 2012\Projects\Week 1\Graphics For Games\3) Texturing\Debug\link.5376-cvtres.read.1.tlog
C:\Users\cmdadmin\Documents\Visual Studio 2012\Projects\Week 1\Graphics For Games\3) Texturing\Debug\link.5376-cvtres.write.1.tlog
C:\Users\cmdadmin\Documents\Visual Studio 2012\Projects\Week 1\Graphics For Games\3) Texturing\Debug\link.5376-rc.read.1.tlog
C:\Users\cmdadmin\Documents\Visual Studio 2012\Projects\Week 1\Graphics For Games\3) Texturing\Debug\link.5376-rc.write.1.tlog
C:\Users\cmdadmin\Documents\Visual Studio 2012\Projects\Week 1\Graphics For Games\3) Texturing\Debug\link.5376.read.1.tlog
C:\Users\cmdadmin\Documents\Visual Studio 2012\Projects\Week 1\Graphics For Games\3) Texturing\Debug\link.5376.read.2.tlog
C:\Users\cmdadmin\Documents\Visual Studio 2012\Projects\Week 1\Graphics For Games\3) Texturing\Debug\link.5376.write.1.tlog
C:\Users\cmdadmin\Documents\Visual Studio 2012\Projects\Week 1\Graphics For Games\3) Texturing\Debug\link.5468-cvtres.read.1.tlog
C:\Users\cmdadmin\Documents\Visual Studio 2012\Projects\Week 1\Graphics For Games\3) Texturing\Debug\link.5468-cvtres.write.1.tlog
C:\Users\cmdadmin\Documents\Visual Studio 2012\Projects\Week 1\Graphics For Games\3) Texturing\Debug\link.5468-rc.read.1.tlog
C:\Users\cmdadmin\Documents\Visual Studio 2012\Projects\Week 1\Graphics For Games\3) Texturing\Debug\link.5468-rc.write.1.tlog
C:\Users\cmdadmin\Documents\Visual Studio 2012\Projects\Week 1\Graphics For Games\3) Texturing\Debug\link.5468.read.1.tlog
C:\Users\cmdadmin\Documents\Visual Studio 2012\Projects\Week 1\Graphics For Games\3) Texturing\Debug\link.5468.read.2.tlog
C:\Users\cmdadmin\Documents\Visual Studio 2012\Projects\Week 1\Graphics For Games\3) Texturing\Debug\link.5468.write.1.tlog
C:\Users\cmdadmin\Documents\Visual Studio 2012\Projects\Week 1\Graphics For Games\3) Texturing\Debug\link.5584-cvtres.read.1.tlog
C:\Users\cmdadmin\Documents\Visual Studio 2012\Projects\Week 1\Graphics For Games\3) Texturing\Debug\link.5584-cvtres.write.1.tlog
C:\Users\cmdadmin\Documents\Visual Studio 2012\Projects\Week 1\Graphics For Games\3) Texturing\Debug\link.5584-rc.read.1.tlog
C:\Users\cmdadmin\Documents\Visual Studio 2012\Projects\Week 1\Graphics For Games\3) Texturing\Debug\link.5584-rc.write.1.tlog
C:\Users\cmdadmin\Documents\Visual Studio 2012\Projects\Week 1\Graphics For Games\3) Texturing\Debug\link.5584.read.1.tlog
C:\Users\cmdadmin\Documents\Visual Studio 2012\Projects\Week 1\Graphics For Games\3) Texturing\Debug\link.5584.read.2.tlog
C:\Users\cmdadmin\Documents\Visual Studio 2012\Projects\Week 1\Graphics For Games\3) Texturing\Debug\link.5584.write.1.tlog
C:\Users\cmdadmin\Documents\Visual Studio 2012\Projects\Week 1\Graphics For Games\3) Texturing\Debug\link.5616-cvtres.read.1.tlog
C:\Users\cmdadmin\Documents\Visual Studio 2012\Projects\Week 1\Graphics For Games\3) Texturing\Debug\link.5616-cvtres.write.1.tlog
C:\Users\cmdadmin\Documents\Visual Studio 2012\Projects\Week 1\Graphics For Games\3) Texturing\Debug\link.5616-rc.read.1.tlog
C:\Users\cmdadmin\Documents\Visual Studio 2012\Projects\Week 1\Graphics For Games\3) Texturing\Debug\link.5616-rc.write.1.tlog
C:\Users\cmdadmin\Documents\Visual Studio 2012\Projects\Week 1\Graphics For Games\3) Texturing\Debug\link.5616.read.1.tlog
C:\Users\cmdadmin\Documents\Visual Studio 2012\Projects\Week 1\Graphics For Games\3) Texturing\Debug\link.5616.read.2.tlog
C:\Users\cmdadmin\Documents\Visual Studio 2012\Projects\Week 1\Graphics For Games\3) Texturing\Debug\link.5616.write.1.tlog
C:\Users\cmdadmin\Documents\Visual Studio 2012\Projects\Week 1\Graphics For Games\3) Texturing\Debug\link.5620-cvtres.read.1.tlog
C:\Users\cmdadmin\Documents\Visual Studio 2012\Projects\Week 1\Graphics For Games\3) Texturing\Debug\link.5620-cvtres.write.1.tlog
C:\Users\cmdadmin\Documents\Visual Studio 2012\Projects\Week 1\Graphics For Games\3) Texturing\Debug\link.5620-rc.read.1.tlog
C:\Users\cmdadmin\Documents\Visual Studio 2012\Projects\Week 1\Graphics For Games\3) Texturing\Debug\link.5620-rc.write.1.tlog
C:\Users\cmdadmin\Documents\Visual Studio 2012\Projects\Week 1\Graphics For Games\3) Texturing\Debug\link.5620.read.1.tlog
C:\Users\cmdadmin\Documents\Visual Studio 2012\Projects\Week 1\Graphics For Games\3) Texturing\Debug\link.5620.read.2.tlog
C:\Users\cmdadmin\Documents\Visual Studio 2012\Projects\Week 1\Graphics For Games\3) Texturing\Debug\link.5620.write.1.tlog
C:\Users\cmdadmin\Documents\Visual Studio 2012\Projects\Week 1\Graphics For Games\3) Texturing\Debug\link.5644-cvtres.read.1.tlog
C:\Users\cmdadmin\Documents\Visual Studio 2012\Projects\Week 1\Graphics For Games\3) Texturing\Debug\link.5644-cvtres.write.1.tlog
C:\Users\cmdadmin\Documents\Visual Studio 2012\Projects\Week 1\Graphics For Games\3) Texturing\Debug\link.5644-rc.read.1.tlog
C:\Users\cmdadmin\Documents\Visual Studio 2012\Projects\Week 1\Graphics For Games\3) Texturing\Debug\link.5644-rc.write.1.tlog
C:\Users\cmdadmin\Documents\Visual Studio 2012\Projects\Week 1\Graphics For Games\3) Texturing\Debug\link.5644.read.1.tlog
C:\Users\cmdadmin\Documents\Visual Studio 2012\Projects\Week 1\Graphics For Games\3) Texturing\Debug\link.5644.read.2.tlog
C:\Users\cmdadmin\Documents\Visual Studio 2012\Projects\Week 1\Graphics For Games\3) Texturing\Debug\link.5644.write.1.tlog
C:\Users\cmdadmin\Documents\Visual Studio 2012\Projects\Week 1\Graphics For Games\3) Texturing\Debug\link.5696-cvtres.read.1.tlog
C:\Users\cmdadmin\Documents\Visual Studio 2012\Projects\Week 1\Graphics For Games\3) Texturing\Debug\link.5696-cvtres.write.1.tlog
C:\Users\cmdadmin\Documents\Visual Studio 2012\Projects\Week 1\Graphics For Games\3) Texturing\Debug\link.5696-rc.read.1.tlog
C:\Users\cmdadmin\Documents\Visual Studio 2012\Projects\Week 1\Graphics For Games\3) Texturing\Debug\link.5696-rc.write.1.tlog
C:\Users\cmdadmin\Documents\Visual Studio 2012\Projects\Week 1\Graphics For Games\3) Texturing\Debug\link.5696.read.1.tlog
C:\Users\cmdadmin\Documents\Visual Studio 2012\Projects\Week 1\Graphics For Games\3) Texturing\Debug\link.5696.read.2.tlog
C:\Users\cmdadmin\Documents\Visual Studio 2012\Projects\Week 1\Graphics For Games\3) Texturing\Debug\link.5696.write.1.tlog
C:\Users\cmdadmin\Documents\Visual Studio 2012\Projects\Week 1\Graphics For Games\3) Texturing\Debug\link.5724-cvtres.read.1.tlog
C:\Users\cmdadmin\Documents\Visual Studio 2012\Projects\Week 1\Graphics For Games\3) Texturing\Debug\link.5724-cvtres.write.1.tlog
C:\Users\cmdadmin\Documents\Visual Studio 2012\Projects\Week 1\Graphics For Games\3) Texturing\Debug\link.5724-rc.read.1.tlog
C:\Users\cmdadmin\Documents\Visual Studio 2012\Projects\Week 1\Graphics For Games\3) Texturing\Debug\link.5724-rc.write.1.tlog
C:\Users\cmdadmin\Documents\Visual Studio 2012\Projects\Week 1\Graphics For Games\3) Texturing\Debug\link.5724.read.1.tlog
C:\Users\cmdadmin\Documents\Visual Studio 2012\Projects\Week 1\Graphics For Games\3) Texturing\Debug\link.5724.read.2.tlog
C:\Users\cmdadmin\Documents\Visual Studio 2012\Projects\Week 1\Graphics For Games\3) Texturing\Debug\link.5724.write.1.tlog
C:\Users\cmdadmin\Documents\Visual Studio 2012\Projects\Week 1\Graphics For Games\3) Texturing\Debug\link.5872-cvtres.read.1.tlog
C:\Users\cmdadmin\Documents\Visual Studio 2012\Projects\Week 1\Graphics For Games\3) Texturing\Debug\link.5872-cvtres.write.1.tlog
C:\Users\cmdadmin\Documents\Visual Studio 2012\Projects\Week 1\Graphics For Games\3) Texturing\Debug\link.5872-rc.read.1.tlog
C:\Users\cmdadmin\Documents\Visual Studio 2012\Projects\Week 1\Graphics For Games\3) Texturing\Debug\link.5872-rc.write.1.tlog
C:\Users\cmdadmin\Documents\Visual Studio 2012\Projects\Week 1\Graphics For Games\3) Texturing\Debug\link.5872.read.1.tlog
C:\Users\cmdadmin\Documents\Visual Studio 2012\Projects\Week 1\Graphics For Games\3) Texturing\Debug\link.5872.read.2.tlog
C:\Users\cmdadmin\Documents\Visual Studio 2012\Projects\Week 1\Graphics For Games\3) Texturing\Debug\link.5872.write.1.tlog
C:\Users\cmdadmin\Documents\Visual Studio 2012\Projects\Week 1\Graphics For Games\3) Texturing\Debug\link.5924-cvtres.read.1.tlog
C:\Users\cmdadmin\Documents\Visual Studio 2012\Projects\Week 1\Graphics For Games\3) Texturing\Debug\link.5924-cvtres.write.1.tlog
C:\Users\cmdadmin\Documents\Visual Studio 2012\Projects\Week 1\Graphics For Games\3) Texturing\Debug\link.5924-rc.read.1.tlog
C:\Users\cmdadmin\Documents\Visual Studio 2012\Projects\Week 1\Graphics For Games\3) Texturing\Debug\link.5924-rc.write.1.tlog
C:\Users\cmdadmin\Documents\Visual Studio 2012\Projects\Week 1\Graphics For Games\3) Texturing\Debug\link.5924.read.1.tlog
C:\Users\cmdadmin\Documents\Visual Studio 2012\Projects\Week 1\Graphics For Games\3) Texturing\Debug\link.5924.read.2.tlog
C:\Users\cmdadmin\Documents\Visual Studio 2012\Projects\Week 1\Graphics For Games\3) Texturing\Debug\link.5924.write.1.tlog
C:\Users\cmdadmin\Documents\Visual Studio 2012\Projects\Week 1\Graphics For Games\3) Texturing\Debug\link.5964-cvtres.read.1.tlog
C:\Users\cmdadmin\Documents\Visual Studio 2012\Projects\Week 1\Graphics For Games\3) Texturing\Debug\link.5964-cvtres.write.1.tlog
C:\Users\cmdadmin\Documents\Visual Studio 2012\Projects\Week 1\Graphics For Games\3) Texturing\Debug\link.5964-rc.read.1.tlog
C:\Users\cmdadmin\Documents\Visual Studio 2012\Projects\Week 1\Graphics For Games\3) Texturing\Debug\link.5964-rc.write.1.tlog
C:\Users\cmdadmin\Documents\Visual Studio 2012\Projects\Week 1\Graphics For Games\3) Texturing\Debug\link.5964.read.1.tlog
C:\Users\cmdadmin\Documents\Visual Studio 2012\Projects\Week 1\Graphics For Games\3) Texturing\Debug\link.5964.read.2.tlog
C:\Users\cmdadmin\Documents\Visual Studio 2012\Projects\Week 1\Graphics For Games\3) Texturing\Debug\link.5964.write.1.tlog
C:\Users\cmdadmin\Documents\Visual Studio 2012\Projects\Week 1\Graphics For Games\3) Texturing\Debug\link.6040-cvtres.read.1.tlog
C:\Users\cmdadmin\Documents\Visual Studio 2012\Projects\Week 1\Graphics For Games\3) Texturing\Debug\link.6040-cvtres.write.1.tlog
C:\Users\cmdadmin\Documents\Visual Studio 2012\Projects\Week 1\Graphics For Games\3) Texturing\Debug\link.6040-rc.read.1.tlog
C:\Users\cmdadmin\Documents\Visual Studio 2012\Projects\Week 1\Graphics For Games\3) Texturing\Debug\link.6040-rc.write.1.tlog
C:\Users\cmdadmin\Documents\Visual Studio 2012\Projects\Week 1\Graphics For Games\3) Texturing\Debug\link.6040.read.1.tlog
C:\Users\cmdadmin\Documents\Visual Studio 2012\Projects\Week 1\Graphics For Games\3) Texturing\Debug\link.6040.read.2.tlog
C:\Users\cmdadmin\Documents\Visual Studio 2012\Projects\Week 1\Graphics For Games\3) Texturing\Debug\link.6040.write.1.tlog
C:\Users\cmdadmin\Documents\Visual Studio 2012\Projects\Week 1\Graphics For Games\3) Texturing\Debug\link.6064-cvtres.read.1.tlog
C:\Users\cmdadmin\Documents\Visual Studio 2012\Projects\Week 1\Graphics For Games\3) Texturing\Debug\link.6064-cvtres.write.1.tlog
C:\Users\cmdadmin\Documents\Visual Studio 2012\Projects\Week 1\Graphics For Games\3) Texturing\Debug\link.6064-rc.read.1.tlog
C:\Users\cmdadmin\Documents\Visual Studio 2012\Projects\Week 1\Graphics For Games\3) Texturing\Debug\link.6064-rc.write.1.tlog
C:\Users\cmdadmin\Documents\Visual Studio 2012\Projects\Week 1\Graphics For Games\3) Texturing\Debug\link.6064.read.1.tlog
C:\Users\cmdadmin\Documents\Visual Studio 2012\Projects\Week 1\Graphics For Games\3) Texturing\Debug\link.6064.read.2.tlog
C:\Users\cmdadmin\Documents\Visual Studio 2012\Projects\Week 1\Graphics For Games\3) Texturing\Debug\link.6064.write.1.tlog
C:\Users\cmdadmin\Documents\Visual Studio 2012\Projects\Week 1\Graphics For Games\3) Texturing\Debug\link.6092-cvtres.read.1.tlog
C:\Users\cmdadmin\Documents\Visual Studio 2012\Projects\Week 1\Graphics For Games\3) Texturing\Debug\link.6092-cvtres.write.1.tlog
C:\Users\cmdadmin\Documents\Visual Studio 2012\Projects\Week 1\Graphics For Games\3) Texturing\Debug\link.6092-rc.read.1.tlog
C:\Users\cmdadmin\Documents\Visual Studio 2012\Projects\Week 1\Graphics For Games\3) Texturing\Debug\link.6092-rc.write.1.tlog
C:\Users\cmdadmin\Documents\Visual Studio 2012\Projects\Week 1\Graphics For Games\3) Texturing\Debug\link.6092.read.1.tlog
C:\Users\cmdadmin\Documents\Visual Studio 2012\Projects\Week 1\Graphics For Games\3) Texturing\Debug\link.6092.read.2.tlog
C:\Users\cmdadmin\Documents\Visual Studio 2012\Projects\Week 1\Graphics For Games\3) Texturing\Debug\link.6092.write.1.tlog
C:\Users\cmdadmin\Documents\Visual Studio 2012\Projects\Week 1\Graphics For Games\3) Texturing\Debug\link.6116-cvtres.read.1.tlog
C:\Users\cmdadmin\Documents\Visual Studio 2012\Projects\Week 1\Graphics For Games\3) Texturing\Debug\link.6116-cvtres.write.1.tlog
C:\Users\cmdadmin\Documents\Visual Studio 2012\Projects\Week 1\Graphics For Games\3) Texturing\Debug\link.6116-rc.read.1.tlog
C:\Users\cmdadmin\Documents\Visual Studio 2012\Projects\Week 1\Graphics For Games\3) Texturing\Debug\link.6116-rc.write.1.tlog
C:\Users\cmdadmin\Documents\Visual Studio 2012\Projects\Week 1\Graphics For Games\3) Texturing\Debug\link.6116.read.1.tlog
C:\Users\cmdadmin\Documents\Visual Studio 2012\Projects\Week 1\Graphics For Games\3) Texturing\Debug\link.6116.read.2.tlog
C:\Users\cmdadmin\Documents\Visual Studio 2012\Projects\Week 1\Graphics For Games\3) Texturing\Debug\link.6116.write.1.tlog
C:\Users\cmdadmin\Documents\Visual Studio 2012\Projects\Week 1\Graphics For Games\3) Texturing\Debug\link.6128-cvtres.read.1.tlog
C:\Users\cmdadmin\Documents\Visual Studio 2012\Projects\Week 1\Graphics For Games\3) Texturing\Debug\link.6128-cvtres.write.1.tlog
C:\Users\cmdadmin\Documents\Visual Studio 2012\Projects\Week 1\Graphics For Games\3) Texturing\Debug\link.6128-rc.read.1.tlog
C:\Users\cmdadmin\Documents\Visual Studio 2012\Projects\Week 1\Graphics For Games\3) Texturing\Debug\link.6128-rc.write.1.tlog
C:\Users\cmdadmin\Documents\Visual Studio 2012\Projects\Week 1\Graphics For Games\3) Texturing\Debug\link.6128.read.1.tlog
C:\Users\cmdadmin\Documents\Visual Studio 2012\Projects\Week 1\Graphics For Games\3) Texturing\Debug\link.6128.read.2.tlog
C:\Users\cmdadmin\Documents\Visual Studio 2012\Projects\Week 1\Graphics For Games\3) Texturing\Debug\link.6128.write.1.tlog
C:\Users\cmdadmin\Documents\Visual Studio 2012\Projects\Week 1\Graphics For Games\3) Texturing\Debug\link.696-cvtres.read.1.tlog
C:\Users\cmdadmin\Documents\Visual Studio 2012\Projects\Week 1\Graphics For Games\3) Texturing\Debug\link.696-cvtres.write.1.tlog
C:\Users\cmdadmin\Documents\Visual Studio 2012\Projects\Week 1\Graphics For Games\3) Texturing\Debug\link.696-rc.read.1.tlog
C:\Users\cmdadmin\Documents\Visual Studio 2012\Projects\Week 1\Graphics For Games\3) Texturing\Debug\link.696-rc.write.1.tlog
C:\Users\cmdadmin\Documents\Visual Studio 2012\Projects\Week 1\Graphics For Games\3) Texturing\Debug\link.696.read.1.tlog
C:\Users\cmdadmin\Documents\Visual Studio 2012\Projects\Week 1\Graphics For Games\3) Texturing\Debug\link.696.read.2.tlog
C:\Users\cmdadmin\Documents\Visual Studio 2012\Projects\Week 1\Graphics For Games\3) Texturing\Debug\link.696.write.1.tlog
C:\Users\cmdadmin\Documents\Visual Studio 2012\Projects\Week 1\Graphics For Games\3) Texturing\Debug\link.command.1.tlog
C:\Users\cmdadmin\Documents\Visual Studio 2012\Projects\Week 1\Graphics For Games\3) Texturing\Debug\link.read.1.tlog
C:\Users\cmdadmin\Documents\Visual Studio 2012\Projects\Week 1\Graphics For Games\3) Texturing\Debug\link.read.2.tlog
C:\Users\cmdadmin\Documents\Visual Studio 2012\Projects\Week 1\Graphics For Games\3) Texturing\Debug\link.write.1.tlog
C:\Users\cmdadmin\Documents\Visual Studio 2012\Projects\Week 1\Graphics For Games\3) Texturing\Debug\Tutorial3 - Texturing.write.1.tlog
C:\Users\cmdadmin\Documents\Visual Studio 2012\Projects\Week 1\Graphics For Games\3) Texturing\Debug\vc110.idb
C:\Users\cmdadmin\Documents\Visual Studio 2012\Projects\Week 1\Graphics For Games\3) Texturing\Debug\vc110.pdb
C:\Users\cmdadmin\Documents\Visual Studio 2012\Projects\Week 1\Graphics For Games\Debug\Tutorial3 - Texturing.pdb
C:\Users\cmdadmin\Documents\Visual Studio 2012\Projects\Week 1\Graphics For Games\Debug\Tutorial3 - Texturing.exe
C:\Users\cmdadmin\Documents\Visual Studio 2012\Projects\Week 1\Graphics For Games\Debug\Tutorial3 - Texturing.ilk
