C:\USERS\CMDADMIN\DOCUMENTS\VISUAL STUDIO 2012\PROJECTS\WEEK 1\GRAPHICS FOR GAMES\5) STENCILS & SCISSORS\DEBUG\RENDERER.OBJ
C:\USERS\CMDADMIN\DOCUMENTS\VISUAL STUDIO 2012\PROJECTS\WEEK 1\GRAPHICS FOR GAMES\5) STENCILS & SCISSORS\DEBUG\TUTORIAL5.OBJ
C:\USERS\CMDADMIN\DOCUMENTS\VISUAL STUDIO 2012\PROJECTS\WEEK 1\GRAPHICS FOR GAMES\5) STENCILS & SCISSORS\DEBUG\VC110.PDB
C:\USERS\CMDADMIN\DOCUMENTS\VISUAL STUDIO 2012\PROJECTS\WEEK 1\GRAPHICS FOR GAMES\DEBUG\TUTORIAL5 - SCISSORS AND STENCILS.ILK
C:\USERS\CMDADMIN\DOCUMENTS\VISUAL STUDIO 2012\PROJECTS\WEEK 1\GRAPHICS FOR GAMES\DEBUG\TUTORIAL5 - SCISSORS AND STENCILS.EXE
C:\USERS\CMDADMIN\DOCUMENTS\VISUAL STUDIO 2012\PROJECTS\WEEK 1\GRAPHICS FOR GAMES\DEBUG\TUTORIAL5 - SCISSORS AND STENCILS.PDB
C:\Users\cmdadmin\Documents\Visual Studio 2012\Projects\Week 1\Graphics For Games\5) Stencils & Scissors\Debug\Tutorial5.vcxprojResolveAssemblyReference.cache
C:\Users\cmdadmin\Documents\Visual Studio 2012\Projects\Week 1\Graphics For Games\5) Stencils & Scissors\Debug\Renderer.obj
C:\Users\cmdadmin\Documents\Visual Studio 2012\Projects\Week 1\Graphics For Games\5) Stencils & Scissors\Debug\tutorial5.obj
C:\Users\cmdadmin\Documents\Visual Studio 2012\Projects\Week 1\Graphics For Games\5) Stencils & Scissors\Debug\CL.2640.read.1.tlog
C:\Users\cmdadmin\Documents\Visual Studio 2012\Projects\Week 1\Graphics For Games\5) Stencils & Scissors\Debug\CL.2640.write.1.tlog
C:\Users\cmdadmin\Documents\Visual Studio 2012\Projects\Week 1\Graphics For Games\5) Stencils & Scissors\Debug\CL.4536.read.1.tlog
C:\Users\cmdadmin\Documents\Visual Studio 2012\Projects\Week 1\Graphics For Games\5) Stencils & Scissors\Debug\CL.4536.write.1.tlog
C:\Users\cmdadmin\Documents\Visual Studio 2012\Projects\Week 1\Graphics For Games\5) Stencils & Scissors\Debug\CL.5100.read.1.tlog
C:\Users\cmdadmin\Documents\Visual Studio 2012\Projects\Week 1\Graphics For Games\5) Stencils & Scissors\Debug\CL.5100.write.1.tlog
C:\Users\cmdadmin\Documents\Visual Studio 2012\Projects\Week 1\Graphics For Games\5) Stencils & Scissors\Debug\CL.5324.read.1.tlog
C:\Users\cmdadmin\Documents\Visual Studio 2012\Projects\Week 1\Graphics For Games\5) Stencils & Scissors\Debug\CL.5324.write.1.tlog
C:\Users\cmdadmin\Documents\Visual Studio 2012\Projects\Week 1\Graphics For Games\5) Stencils & Scissors\Debug\CL.5520.read.1.tlog
C:\Users\cmdadmin\Documents\Visual Studio 2012\Projects\Week 1\Graphics For Games\5) Stencils & Scissors\Debug\CL.5520.write.1.tlog
C:\Users\cmdadmin\Documents\Visual Studio 2012\Projects\Week 1\Graphics For Games\5) Stencils & Scissors\Debug\cl.command.1.tlog
C:\Users\cmdadmin\Documents\Visual Studio 2012\Projects\Week 1\Graphics For Games\5) Stencils & Scissors\Debug\cl.read.1.tlog
C:\Users\cmdadmin\Documents\Visual Studio 2012\Projects\Week 1\Graphics For Games\5) Stencils & Scissors\Debug\cl.write.1.tlog
C:\Users\cmdadmin\Documents\Visual Studio 2012\Projects\Week 1\Graphics For Games\5) Stencils & Scissors\Debug\link-cvtres.read.1.tlog
C:\Users\cmdadmin\Documents\Visual Studio 2012\Projects\Week 1\Graphics For Games\5) Stencils & Scissors\Debug\link-cvtres.write.1.tlog
C:\Users\cmdadmin\Documents\Visual Studio 2012\Projects\Week 1\Graphics For Games\5) Stencils & Scissors\Debug\link-rc.read.1.tlog
C:\Users\cmdadmin\Documents\Visual Studio 2012\Projects\Week 1\Graphics For Games\5) Stencils & Scissors\Debug\link-rc.write.1.tlog
C:\Users\cmdadmin\Documents\Visual Studio 2012\Projects\Week 1\Graphics For Games\5) Stencils & Scissors\Debug\link.command.1.tlog
C:\Users\cmdadmin\Documents\Visual Studio 2012\Projects\Week 1\Graphics For Games\5) Stencils & Scissors\Debug\link.read.1.tlog
C:\Users\cmdadmin\Documents\Visual Studio 2012\Projects\Week 1\Graphics For Games\5) Stencils & Scissors\Debug\link.read.2.tlog
C:\Users\cmdadmin\Documents\Visual Studio 2012\Projects\Week 1\Graphics For Games\5) Stencils & Scissors\Debug\link.write.1.tlog
C:\Users\cmdadmin\Documents\Visual Studio 2012\Projects\Week 1\Graphics For Games\5) Stencils & Scissors\Debug\Tutorial5 - Scissors and Stencils.write.1.tlog
C:\Users\cmdadmin\Documents\Visual Studio 2012\Projects\Week 1\Graphics For Games\5) Stencils & Scissors\Debug\vc110.idb
C:\Users\cmdadmin\Documents\Visual Studio 2012\Projects\Week 1\Graphics For Games\5) Stencils & Scissors\Debug\vc110.pdb
C:\Users\cmdadmin\Documents\Visual Studio 2012\Projects\Week 1\Graphics For Games\Debug\Tutorial5 - Scissors and Stencils.pdb
C:\Users\cmdadmin\Documents\Visual Studio 2012\Projects\Week 1\Graphics For Games\Debug\Tutorial5 - Scissors and Stencils.exe
C:\Users\cmdadmin\Documents\Visual Studio 2012\Projects\Week 1\Graphics For Games\Debug\Tutorial5 - Scissors and Stencils.ilk
