C:\USERS\CMDADMIN\DOCUMENTS\VISUAL STUDIO 2012\PROJECTS\WEEK 1\GRAPHICS FOR GAMES\FRAMEWORK\RELEASE\QUATERNION.OBJ
C:\USERS\CMDADMIN\DOCUMENTS\VISUAL STUDIO 2012\PROJECTS\WEEK 1\GRAPHICS FOR GAMES\FRAMEWORK\RELEASE\OGLRENDERER.OBJ
C:\USERS\CMDADMIN\DOCUMENTS\VISUAL STUDIO 2012\PROJECTS\WEEK 1\GRAPHICS FOR GAMES\FRAMEWORK\RELEASE\SHADER.OBJ
C:\USERS\CMDADMIN\DOCUMENTS\VISUAL STUDIO 2012\PROJECTS\WEEK 1\GRAPHICS FOR GAMES\FRAMEWORK\RELEASE\SCENENODE.OBJ
C:\USERS\CMDADMIN\DOCUMENTS\VISUAL STUDIO 2012\PROJECTS\WEEK 1\GRAPHICS FOR GAMES\FRAMEWORK\RELEASE\PLANE.OBJ
C:\USERS\CMDADMIN\DOCUMENTS\VISUAL STUDIO 2012\PROJECTS\WEEK 1\GRAPHICS FOR GAMES\FRAMEWORK\RELEASE\PARTICLEEMITTER.OBJ
C:\USERS\CMDADMIN\DOCUMENTS\VISUAL STUDIO 2012\PROJECTS\WEEK 1\GRAPHICS FOR GAMES\FRAMEWORK\RELEASE\OBJMESH.OBJ
C:\USERS\CMDADMIN\DOCUMENTS\VISUAL STUDIO 2012\PROJECTS\WEEK 1\GRAPHICS FOR GAMES\FRAMEWORK\RELEASE\MOUSE.OBJ
C:\USERS\CMDADMIN\DOCUMENTS\VISUAL STUDIO 2012\PROJECTS\WEEK 1\GRAPHICS FOR GAMES\FRAMEWORK\RELEASE\MESH.OBJ
C:\USERS\CMDADMIN\DOCUMENTS\VISUAL STUDIO 2012\PROJECTS\WEEK 1\GRAPHICS FOR GAMES\FRAMEWORK\RELEASE\MD5NODE.OBJ
C:\USERS\CMDADMIN\DOCUMENTS\VISUAL STUDIO 2012\PROJECTS\WEEK 1\GRAPHICS FOR GAMES\FRAMEWORK\RELEASE\MD5MESH.OBJ
C:\USERS\CMDADMIN\DOCUMENTS\VISUAL STUDIO 2012\PROJECTS\WEEK 1\GRAPHICS FOR GAMES\FRAMEWORK\RELEASE\MD5FILEDATA.OBJ
C:\USERS\CMDADMIN\DOCUMENTS\VISUAL STUDIO 2012\PROJECTS\WEEK 1\GRAPHICS FOR GAMES\FRAMEWORK\RELEASE\MD5ANIM.OBJ
C:\USERS\CMDADMIN\DOCUMENTS\VISUAL STUDIO 2012\PROJECTS\WEEK 1\GRAPHICS FOR GAMES\FRAMEWORK\RELEASE\MATRIX4.OBJ
C:\USERS\CMDADMIN\DOCUMENTS\VISUAL STUDIO 2012\PROJECTS\WEEK 1\GRAPHICS FOR GAMES\FRAMEWORK\RELEASE\LIGHT.OBJ
C:\USERS\CMDADMIN\DOCUMENTS\VISUAL STUDIO 2012\PROJECTS\WEEK 1\GRAPHICS FOR GAMES\FRAMEWORK\RELEASE\KEYBOARD.OBJ
C:\USERS\CMDADMIN\DOCUMENTS\VISUAL STUDIO 2012\PROJECTS\WEEK 1\GRAPHICS FOR GAMES\FRAMEWORK\RELEASE\HEIGHTMAP.OBJ
C:\USERS\CMDADMIN\DOCUMENTS\VISUAL STUDIO 2012\PROJECTS\WEEK 1\GRAPHICS FOR GAMES\FRAMEWORK\RELEASE\GAMETIMER.OBJ
C:\USERS\CMDADMIN\DOCUMENTS\VISUAL STUDIO 2012\PROJECTS\WEEK 1\GRAPHICS FOR GAMES\FRAMEWORK\RELEASE\FRUSTRUM.OBJ
C:\USERS\CMDADMIN\DOCUMENTS\VISUAL STUDIO 2012\PROJECTS\WEEK 1\GRAPHICS FOR GAMES\FRAMEWORK\RELEASE\CAMERA.OBJ
C:\USERS\CMDADMIN\DOCUMENTS\VISUAL STUDIO 2012\PROJECTS\WEEK 1\GRAPHICS FOR GAMES\FRAMEWORK\RELEASE\WINDOW.OBJ
C:\USERS\CMDADMIN\DOCUMENTS\VISUAL STUDIO 2012\PROJECTS\WEEK 1\GRAPHICS FOR GAMES\FRAMEWORK\RELEASE\TEXTMESH.OBJ
C:\USERS\CMDADMIN\DOCUMENTS\VISUAL STUDIO 2012\PROJECTS\WEEK 1\GRAPHICS FOR GAMES\FRAMEWORK\RELEASE\VC110.PDB
C:\USERS\CMDADMIN\DOCUMENTS\VISUAL STUDIO 2012\PROJECTS\WEEK 1\GRAPHICS FOR GAMES\RELEASE\FRAMEWORK.LIB
C:\USERS\CMDADMIN\DOCUMENTS\VISUAL STUDIO 2012\PROJECTS\WEEK 1\GRAPHICS FOR GAMES\FRAMEWORK\RELEASE\FRAMEWORK.RES
C:\Users\cmdadmin\Documents\Visual Studio 2012\Projects\Week 1\Graphics For Games\Framework\Release\Camera.obj
C:\Users\cmdadmin\Documents\Visual Studio 2012\Projects\Week 1\Graphics For Games\Framework\Release\Frustrum.obj
C:\Users\cmdadmin\Documents\Visual Studio 2012\Projects\Week 1\Graphics For Games\Framework\Release\GameTimer.obj
C:\Users\cmdadmin\Documents\Visual Studio 2012\Projects\Week 1\Graphics For Games\Framework\Release\HeightMap.obj
C:\Users\cmdadmin\Documents\Visual Studio 2012\Projects\Week 1\Graphics For Games\Framework\Release\Keyboard.obj
C:\Users\cmdadmin\Documents\Visual Studio 2012\Projects\Week 1\Graphics For Games\Framework\Release\Light.obj
C:\Users\cmdadmin\Documents\Visual Studio 2012\Projects\Week 1\Graphics For Games\Framework\Release\Matrix4.obj
C:\Users\cmdadmin\Documents\Visual Studio 2012\Projects\Week 1\Graphics For Games\Framework\Release\MD5Anim.obj
C:\Users\cmdadmin\Documents\Visual Studio 2012\Projects\Week 1\Graphics For Games\Framework\Release\MD5FileData.obj
C:\Users\cmdadmin\Documents\Visual Studio 2012\Projects\Week 1\Graphics For Games\Framework\Release\MD5Mesh.obj
C:\Users\cmdadmin\Documents\Visual Studio 2012\Projects\Week 1\Graphics For Games\Framework\Release\MD5Node.obj
C:\Users\cmdadmin\Documents\Visual Studio 2012\Projects\Week 1\Graphics For Games\Framework\Release\Mesh.obj
C:\Users\cmdadmin\Documents\Visual Studio 2012\Projects\Week 1\Graphics For Games\Framework\Release\Mouse.obj
C:\Users\cmdadmin\Documents\Visual Studio 2012\Projects\Week 1\Graphics For Games\Framework\Release\OBJMesh.obj
C:\Users\cmdadmin\Documents\Visual Studio 2012\Projects\Week 1\Graphics For Games\Framework\Release\OGLRenderer.obj
C:\Users\cmdadmin\Documents\Visual Studio 2012\Projects\Week 1\Graphics For Games\Framework\Release\ParticleEmitter.obj
C:\Users\cmdadmin\Documents\Visual Studio 2012\Projects\Week 1\Graphics For Games\Framework\Release\Plane.obj
C:\Users\cmdadmin\Documents\Visual Studio 2012\Projects\Week 1\Graphics For Games\Framework\Release\Quaternion.obj
C:\Users\cmdadmin\Documents\Visual Studio 2012\Projects\Week 1\Graphics For Games\Framework\Release\SceneNode.obj
C:\Users\cmdadmin\Documents\Visual Studio 2012\Projects\Week 1\Graphics For Games\Framework\Release\Shader.obj
C:\Users\cmdadmin\Documents\Visual Studio 2012\Projects\Week 1\Graphics For Games\Framework\Release\TextMesh.obj
C:\Users\cmdadmin\Documents\Visual Studio 2012\Projects\Week 1\Graphics For Games\Framework\Release\Window.obj
C:\Users\cmdadmin\Documents\Visual Studio 2012\Projects\Week 1\Graphics For Games\Framework\Release\cl.command.1.tlog
C:\Users\cmdadmin\Documents\Visual Studio 2012\Projects\Week 1\Graphics For Games\Framework\Release\CL.read.1.tlog
C:\Users\cmdadmin\Documents\Visual Studio 2012\Projects\Week 1\Graphics For Games\Framework\Release\CL.write.1.tlog
C:\Users\cmdadmin\Documents\Visual Studio 2012\Projects\Week 1\Graphics For Games\Framework\Release\Lib-link-cvtres.read.1.tlog
C:\Users\cmdadmin\Documents\Visual Studio 2012\Projects\Week 1\Graphics For Games\Framework\Release\Lib-link-cvtres.write.1.tlog
C:\Users\cmdadmin\Documents\Visual Studio 2012\Projects\Week 1\Graphics For Games\Framework\Release\Lib-link.read.1.tlog
C:\Users\cmdadmin\Documents\Visual Studio 2012\Projects\Week 1\Graphics For Games\Framework\Release\Lib-link.write.1.tlog
C:\Users\cmdadmin\Documents\Visual Studio 2012\Projects\Week 1\Graphics For Games\Framework\Release\lib.command.1.tlog
C:\Users\cmdadmin\Documents\Visual Studio 2012\Projects\Week 1\Graphics For Games\Framework\Release\rc.command.1.tlog
C:\Users\cmdadmin\Documents\Visual Studio 2012\Projects\Week 1\Graphics For Games\Framework\Release\rc.read.1.tlog
C:\Users\cmdadmin\Documents\Visual Studio 2012\Projects\Week 1\Graphics For Games\Framework\Release\rc.write.1.tlog
C:\Users\cmdadmin\Documents\Visual Studio 2012\Projects\Week 1\Graphics For Games\Framework\Release\Framework.res
C:\Users\cmdadmin\Documents\Visual Studio 2012\Projects\Week 1\Graphics For Games\Framework\Release\vc110.pdb
C:\Users\cmdadmin\Documents\Visual Studio 2012\Projects\Week 1\Graphics For Games\Release\Framework.lib
