Build started 27/10/2014 15:04:48.
     1>Project "C:\Users\cmdadmin\Documents\Visual Studio 2012\Projects\Week 1\nclgl\nclgl.vcxproj" on node 2 (Build target(s)).
     1>ClCompile:
         C:\Program Files (x86)\Microsoft Visual Studio 11.0\VC\bin\CL.exe /c /Zi /nologo /W3 /WX- /O2 /Oi /Oy- /GL /D _MBCS /Gm- /EHsc /MD /GS /Gy /fp:precise /Zc:wchar_t /Zc:forScope /Fo"Release\\" /Fd"Release\vc110.pdb" /Gd /TP /analyze- /errorReport:prompt GameTimer.cpp Keyboard.cpp Matrix4.cpp Mesh.cpp Mouse.cpp OGLRenderer.cpp Quaternion.cpp Shader.cpp Window.cpp
         GameTimer.cpp
         Keyboard.cpp
         Matrix4.cpp
         Mesh.cpp
         Mouse.cpp
         OGLRenderer.cpp
         Quaternion.cpp
         Shader.cpp
         Window.cpp
       Lib:
         C:\Program Files (x86)\Microsoft Visual Studio 11.0\VC\bin\Lib.exe /OUT:"C:\Users\cmdadmin\Documents\Visual Studio 2012\Projects\Week 1\Graphics For Games\Release\nclgl.lib" /NOLOGO /LTCG Release\GameTimer.obj
         Release\Keyboard.obj
         Release\Matrix4.obj
         Release\Mesh.obj
         Release\Mouse.obj
         Release\OGLRenderer.obj
         Release\Quaternion.obj
         Release\Shader.obj
         Release\Window.obj
         nclgl.vcxproj -> C:\Users\cmdadmin\Documents\Visual Studio 2012\Projects\Week 1\Graphics For Games\Release\nclgl.lib
     1>Done Building Project "C:\Users\cmdadmin\Documents\Visual Studio 2012\Projects\Week 1\nclgl\nclgl.vcxproj" (Build target(s)).

Build succeeded.

Time Elapsed 00:00:03.32
