Build started 20/11/2014 23:08:15.
     1>Project "C:\Users\cmdadmin\Documents\Visual Studio 2012\Projects\Week 1\Graphics For Games\Framework\Framework.vcxproj" on node 2 (Build target(s)).
     1>ClCompile:
         C:\Program Files (x86)\Microsoft Visual Studio 11.0\VC\bin\CL.exe /c /ZI /nologo /W3 /WX- /Od /Oy- /D _DEBUG /D _MBCS /Gm /EHsc /RTC1 /MDd /GS /fp:precise /Zc:wchar_t /Zc:forScope /Fo"Debug\\" /Fd"Debug\vc110.pdb" /Gd /TP /analyze- /errorReport:prompt ParticleEmitter.cpp
         ParticleEmitter.cpp
       Lib:
         C:\Program Files (x86)\Microsoft Visual Studio 11.0\VC\bin\Lib.exe /OUT:"C:\Users\cmdadmin\Documents\Visual Studio 2012\Projects\Week 1\Graphics For Games\Debug\Framework.lib" /LIBPATH:"C:\Users\cmdadmin\Documents\Visual Studio 2012\Projects\Week 1\GLEW\lib" /NOLOGO Debug\Framework.res
         Debug\Camera.obj
         Debug\Frustrum.obj
         Debug\GameTimer.obj
         Debug\HeightMap.obj
         Debug\Keyboard.obj
         Debug\Light.obj
         Debug\Matrix4.obj
         Debug\MD5Anim.obj
         Debug\MD5FileData.obj
         Debug\MD5Mesh.obj
         Debug\MD5Node.obj
         Debug\Mesh.obj
         Debug\Mouse.obj
         Debug\OBJMesh.obj
         Debug\ParticleEmitter.obj
         Debug\Plane.obj
         Debug\SceneNode.obj
         Debug\Shader.obj
         Debug\OGLRenderer.obj
         Debug\Quaternion.obj
         Debug\TextMesh.obj
         Debug\Window.obj
     1>LINK : warning LNK4068: /MACHINE not specified; defaulting to X86
     1>Light.obj : warning LNK4221: This object file does not define any previously undefined public symbols, so it will not be used by any link operation that consumes this library
         Framework.vcxproj -> C:\Users\cmdadmin\Documents\Visual Studio 2012\Projects\Week 1\Graphics For Games\Debug\Framework.lib
     1>Done Building Project "C:\Users\cmdadmin\Documents\Visual Studio 2012\Projects\Week 1\Graphics For Games\Framework\Framework.vcxproj" (Build target(s)).

Build succeeded.

Time Elapsed 00:00:00.81
