Build started 30/10/2014 13:33:32.
     1>Project "C:\Users\cmdadmin\Documents\Visual Studio 2012\Projects\Week 1\nclgl\nclgl.vcxproj" on node 2 (Build target(s)).
     1>ClCompile:
         C:\Program Files (x86)\Microsoft Visual Studio 11.0\VC\bin\CL.exe /c /ZI /nologo /W3 /WX- /Od /Oy- /D _DEBUG /D _MBCS /Gm /EHsc /RTC1 /MDd /GS /fp:precise /Zc:wchar_t /Zc:forScope /Fo"Debug\\" /Fd"Debug\vc110.pdb" /Gd /TP /analyze- /errorReport:prompt Camera.cpp Mesh.cpp OGLRenderer.cpp Shader.cpp Window.cpp
         Mesh.cpp
         Generating Code...
         Skipping... (no relevant changes detected)
         Window.cpp
         Shader.cpp
         OGLRenderer.cpp
         Camera.cpp
       Lib:
         C:\Program Files (x86)\Microsoft Visual Studio 11.0\VC\bin\Lib.exe /OUT:"C:\Users\cmdadmin\Documents\Visual Studio 2012\Projects\Week 1\Graphics For Games\Debug\nclgl.lib" /NOLOGO Debug\Camera.obj
         Debug\GameTimer.obj
         Debug\Keyboard.obj
         Debug\Matrix4.obj
         Debug\Mesh.obj
         Debug\Mouse.obj
         Debug\OGLRenderer.obj
         Debug\Quaternion.obj
         Debug\Shader.obj
         Debug\Window.obj
         nclgl.vcxproj -> C:\Users\cmdadmin\Documents\Visual Studio 2012\Projects\Week 1\Graphics For Games\Debug\nclgl.lib
     1>Done Building Project "C:\Users\cmdadmin\Documents\Visual Studio 2012\Projects\Week 1\nclgl\nclgl.vcxproj" (Build target(s)).

Build succeeded.

Time Elapsed 00:00:01.23
